2025-03-06 14:51:24 - fatura_bot - INFO - Encontrados 1 e-mails não lidos
2025-03-06 14:51:24 - fatura_bot - INFO - Encontrados 1 e-mails não lidos
2025-03-06 14:51:24 - fatura_bot - INFO - Encontrados 1 e-mails não lidos
2025-03-06 14:51:28 - fatura_bot - INFO - Baixando anexo: https://lrvseguros.com.br:2096/cpsess8537978400/3rdparty/roundcube/?_task=mail&_action=get&_mbox=INBOX&_uid=2401&_token=nMsfRiHDlt06RcfVY7oN23jkk8htfw84&_part=2
2025-03-06 14:51:28 - fatura_bot - INFO - Baixando anexo: https://lrvseguros.com.br:2096/cpsess8537978400/3rdparty/roundcube/?_task=mail&_action=get&_mbox=INBOX&_uid=2401&_token=nMsfRiHDlt06RcfVY7oN23jkk8htfw84&_part=2
2025-03-06 14:51:28 - fatura_bot - INFO - Baixando anexo: https://lrvseguros.com.br:2096/cpsess8537978400/3rdparty/roundcube/?_task=mail&_action=get&_mbox=INBOX&_uid=2401&_token=nMsfRiHDlt06RcfVY7oN23jkk8htfw84&_part=2
2025-03-06 14:51:32 - fatura_bot - INFO - Arquivo salvo como: resumo de embarques - jfs transportes e comercio ltda - rctr-c - janeiro - 2025.pdf
2025-03-06 14:51:32 - fatura_bot - INFO - Arquivo salvo como: resumo de embarques - jfs transportes e comercio ltda - rctr-c - janeiro - 2025.pdf
2025-03-06 14:51:32 - fatura_bot - INFO - Arquivo salvo como: resumo de embarques - jfs transportes e comercio ltda - rctr-c - janeiro - 2025.pdf
2025-03-06 14:51:32 - fatura_bot - INFO - Baixando anexo: https://lrvseguros.com.br:2096/cpsess8537978400/3rdparty/roundcube/?_task=mail&_action=get&_mbox=INBOX&_uid=2401&_token=nMsfRiHDlt06RcfVY7oN23jkk8htfw84&_part=3
2025-03-06 14:51:32 - fatura_bot - INFO - Baixando anexo: https://lrvseguros.com.br:2096/cpsess8537978400/3rdparty/roundcube/?_task=mail&_action=get&_mbox=INBOX&_uid=2401&_token=nMsfRiHDlt06RcfVY7oN23jkk8htfw84&_part=3
2025-03-06 14:51:32 - fatura_bot - INFO - Baixando anexo: https://lrvseguros.com.br:2096/cpsess8537978400/3rdparty/roundcube/?_task=mail&_action=get&_mbox=INBOX&_uid=2401&_token=nMsfRiHDlt06RcfVY7oN23jkk8htfw84&_part=3
2025-03-06 14:51:35 - fatura_bot - INFO - Arquivo salvo como: endosso de fatura e boleto - jfs transportes e comercio ltda - rctr-c - janeiro - 2025.pdf
2025-03-06 14:51:35 - fatura_bot - INFO - Arquivo salvo como: endosso de fatura e boleto - jfs transportes e comercio ltda - rctr-c - janeiro - 2025.pdf
2025-03-06 14:51:35 - fatura_bot - INFO - Arquivo salvo como: endosso de fatura e boleto - jfs transportes e comercio ltda - rctr-c - janeiro - 2025.pdf
2025-03-06 14:51:38 - fatura_bot - INFO - E-mails arquivados com sucesso
2025-03-06 14:51:38 - fatura_bot - INFO - E-mails arquivados com sucesso
2025-03-06 14:51:38 - fatura_bot - INFO - E-mails arquivados com sucesso
2025-03-06 14:51:40 - fatura_bot - INFO - Processando documento: endosso de fatura e boleto - jfs transportes e comercio ltda - rctr-c - janeiro - 2025.pdf
2025-03-06 14:51:40 - fatura_bot - INFO - Processando documento: endosso de fatura e boleto - jfs transportes e comercio ltda - rctr-c - janeiro - 2025.pdf
2025-03-06 14:51:40 - fatura_bot - INFO - Processando documento: endosso de fatura e boleto - jfs transportes e comercio ltda - rctr-c - janeiro - 2025.pdf
2025-03-06 14:51:41 - fatura_bot - ERROR - Erro ao processar documento Chubb: cannot access local variable 'apolice' where it is not associated with a value
Traceback (most recent call last):
  File "c:\Users\ESTAGIARIO\Desktop\bots\Bot-Faturas\cadastro_fatura2.py", line 191, in <module>
    dados = chubb(texto)
  File "c:\Users\ESTAGIARIO\Desktop\bots\Bot-Faturas\src\company\chubb.py", line 14, in chubb
    dados.append(apolice)
                 ^^^^^^^
UnboundLocalError: cannot access local variable 'apolice' where it is not associated with a value
2025-03-06 14:51:41 - fatura_bot - ERROR - Erro ao processar documento Chubb: cannot access local variable 'apolice' where it is not associated with a value
Traceback (most recent call last):
  File "c:\Users\ESTAGIARIO\Desktop\bots\Bot-Faturas\cadastro_fatura2.py", line 191, in <module>
    dados = chubb(texto)
  File "c:\Users\ESTAGIARIO\Desktop\bots\Bot-Faturas\src\company\chubb.py", line 14, in chubb
    dados.append(apolice)
                 ^^^^^^^
UnboundLocalError: cannot access local variable 'apolice' where it is not associated with a value
2025-03-06 14:51:41 - fatura_bot - ERROR - Erro ao processar documento Chubb: cannot access local variable 'apolice' where it is not associated with a value
Traceback (most recent call last):
  File "c:\Users\ESTAGIARIO\Desktop\bots\Bot-Faturas\cadastro_fatura2.py", line 191, in <module>
    dados = chubb(texto)
  File "c:\Users\ESTAGIARIO\Desktop\bots\Bot-Faturas\src\company\chubb.py", line 14, in chubb
    dados.append(apolice)
                 ^^^^^^^
UnboundLocalError: cannot access local variable 'apolice' where it is not associated with a value
2025-03-06 14:51:41 - fatura_bot - INFO - Processamento concluído
2025-03-06 14:51:41 - fatura_bot - INFO - Processamento concluído
2025-03-06 14:51:41 - fatura_bot - INFO - Processamento concluído
2025-03-06 15:07:55 - fatura_bot - INFO - Encontrados 1 e-mails não lidos
2025-03-06 15:07:55 - fatura_bot - INFO - Encontrados 1 e-mails não lidos
2025-03-06 15:07:55 - fatura_bot - INFO - Encontrados 1 e-mails não lidos
2025-03-06 15:08:04 - fatura_bot - INFO - Baixando anexo: https://lrvseguros.com.br:2096/cpsess2392801568/3rdparty/roundcube/?_task=mail&_action=get&_mbox=INBOX&_uid=2401&_token=AJwdc9c4OHD0Io0stR4v42dp64dikWsJ&_part=2
2025-03-06 15:08:04 - fatura_bot - INFO - Baixando anexo: https://lrvseguros.com.br:2096/cpsess2392801568/3rdparty/roundcube/?_task=mail&_action=get&_mbox=INBOX&_uid=2401&_token=AJwdc9c4OHD0Io0stR4v42dp64dikWsJ&_part=2
2025-03-06 15:08:04 - fatura_bot - INFO - Baixando anexo: https://lrvseguros.com.br:2096/cpsess2392801568/3rdparty/roundcube/?_task=mail&_action=get&_mbox=INBOX&_uid=2401&_token=AJwdc9c4OHD0Io0stR4v42dp64dikWsJ&_part=2
2025-03-06 15:08:07 - fatura_bot - INFO - Arquivo salvo como: resumo de embarques - jfs transportes e comercio ltda - rctr-c - janeiro - 2025.pdf
2025-03-06 15:08:07 - fatura_bot - INFO - Arquivo salvo como: resumo de embarques - jfs transportes e comercio ltda - rctr-c - janeiro - 2025.pdf
2025-03-06 15:08:07 - fatura_bot - INFO - Arquivo salvo como: resumo de embarques - jfs transportes e comercio ltda - rctr-c - janeiro - 2025.pdf
2025-03-06 15:08:07 - fatura_bot - INFO - Baixando anexo: https://lrvseguros.com.br:2096/cpsess2392801568/3rdparty/roundcube/?_task=mail&_action=get&_mbox=INBOX&_uid=2401&_token=AJwdc9c4OHD0Io0stR4v42dp64dikWsJ&_part=3
2025-03-06 15:08:07 - fatura_bot - INFO - Baixando anexo: https://lrvseguros.com.br:2096/cpsess2392801568/3rdparty/roundcube/?_task=mail&_action=get&_mbox=INBOX&_uid=2401&_token=AJwdc9c4OHD0Io0stR4v42dp64dikWsJ&_part=3
2025-03-06 15:08:07 - fatura_bot - INFO - Baixando anexo: https://lrvseguros.com.br:2096/cpsess2392801568/3rdparty/roundcube/?_task=mail&_action=get&_mbox=INBOX&_uid=2401&_token=AJwdc9c4OHD0Io0stR4v42dp64dikWsJ&_part=3
2025-03-06 15:08:11 - fatura_bot - INFO - Arquivo salvo como: endosso de fatura e boleto - jfs transportes e comercio ltda - rctr-c - janeiro - 2025.pdf
2025-03-06 15:08:11 - fatura_bot - INFO - Arquivo salvo como: endosso de fatura e boleto - jfs transportes e comercio ltda - rctr-c - janeiro - 2025.pdf
2025-03-06 15:08:11 - fatura_bot - INFO - Arquivo salvo como: endosso de fatura e boleto - jfs transportes e comercio ltda - rctr-c - janeiro - 2025.pdf
2025-03-06 15:08:15 - fatura_bot - INFO - E-mails arquivados com sucesso
2025-03-06 15:08:15 - fatura_bot - INFO - E-mails arquivados com sucesso
2025-03-06 15:08:15 - fatura_bot - INFO - E-mails arquivados com sucesso
2025-03-06 15:08:17 - fatura_bot - INFO - Processando documento: endosso de fatura e boleto - jfs transportes e comercio ltda - rctr-c - janeiro - 2025.pdf
2025-03-06 15:08:17 - fatura_bot - INFO - Processando documento: endosso de fatura e boleto - jfs transportes e comercio ltda - rctr-c - janeiro - 2025.pdf
2025-03-06 15:08:17 - fatura_bot - INFO - Processando documento: endosso de fatura e boleto - jfs transportes e comercio ltda - rctr-c - janeiro - 2025.pdf
2025-03-06 15:08:18 - fatura_bot - ERROR - Erro ao processar documento Chubb: cannot access local variable 'apolice' where it is not associated with a value
Traceback (most recent call last):
  File "c:\Users\ESTAGIARIO\Desktop\bots\Bot-Faturas\cadastro_fatura2.py", line 191, in <module>
    dados = chubb(texto)
  File "c:\Users\ESTAGIARIO\Desktop\bots\Bot-Faturas\src\company\chubb.py", line 20, in chubb
    dados.append(apolice)
                 ^^^^^^^
UnboundLocalError: cannot access local variable 'apolice' where it is not associated with a value
2025-03-06 15:08:18 - fatura_bot - ERROR - Erro ao processar documento Chubb: cannot access local variable 'apolice' where it is not associated with a value
Traceback (most recent call last):
  File "c:\Users\ESTAGIARIO\Desktop\bots\Bot-Faturas\cadastro_fatura2.py", line 191, in <module>
    dados = chubb(texto)
  File "c:\Users\ESTAGIARIO\Desktop\bots\Bot-Faturas\src\company\chubb.py", line 20, in chubb
    dados.append(apolice)
                 ^^^^^^^
UnboundLocalError: cannot access local variable 'apolice' where it is not associated with a value
2025-03-06 15:08:18 - fatura_bot - ERROR - Erro ao processar documento Chubb: cannot access local variable 'apolice' where it is not associated with a value
Traceback (most recent call last):
  File "c:\Users\ESTAGIARIO\Desktop\bots\Bot-Faturas\cadastro_fatura2.py", line 191, in <module>
    dados = chubb(texto)
  File "c:\Users\ESTAGIARIO\Desktop\bots\Bot-Faturas\src\company\chubb.py", line 20, in chubb
    dados.append(apolice)
                 ^^^^^^^
UnboundLocalError: cannot access local variable 'apolice' where it is not associated with a value
2025-03-06 15:08:18 - fatura_bot - INFO - Processamento concluído
2025-03-06 15:08:18 - fatura_bot - INFO - Processamento concluído
2025-03-06 15:08:18 - fatura_bot - INFO - Processamento concluído
2025-03-06 15:19:14 - fatura_bot - INFO - Encontrados 1 e-mails não lidos
2025-03-06 15:19:14 - fatura_bot - INFO - Encontrados 1 e-mails não lidos
2025-03-06 15:19:14 - fatura_bot - INFO - Encontrados 1 e-mails não lidos
2025-03-06 15:19:17 - fatura_bot - INFO - Baixando anexo: https://lrvseguros.com.br:2096/cpsess5954305702/3rdparty/roundcube/?_task=mail&_action=get&_mbox=INBOX&_uid=2402&_token=A2CvcF2khaw9iqfjfhknkXVhlWH4rr3Q&_part=2
2025-03-06 15:19:17 - fatura_bot - INFO - Baixando anexo: https://lrvseguros.com.br:2096/cpsess5954305702/3rdparty/roundcube/?_task=mail&_action=get&_mbox=INBOX&_uid=2402&_token=A2CvcF2khaw9iqfjfhknkXVhlWH4rr3Q&_part=2
2025-03-06 15:19:17 - fatura_bot - INFO - Baixando anexo: https://lrvseguros.com.br:2096/cpsess5954305702/3rdparty/roundcube/?_task=mail&_action=get&_mbox=INBOX&_uid=2402&_token=A2CvcF2khaw9iqfjfhknkXVhlWH4rr3Q&_part=2
2025-03-06 15:19:19 - fatura_bot - INFO - Arquivo salvo como: resumo de embarques - jfs transportes e comercio ltda - rctr-c - janeiro - 2025.pdf
2025-03-06 15:19:19 - fatura_bot - INFO - Arquivo salvo como: resumo de embarques - jfs transportes e comercio ltda - rctr-c - janeiro - 2025.pdf
2025-03-06 15:19:19 - fatura_bot - INFO - Arquivo salvo como: resumo de embarques - jfs transportes e comercio ltda - rctr-c - janeiro - 2025.pdf
2025-03-06 15:19:19 - fatura_bot - INFO - Baixando anexo: https://lrvseguros.com.br:2096/cpsess5954305702/3rdparty/roundcube/?_task=mail&_action=get&_mbox=INBOX&_uid=2402&_token=A2CvcF2khaw9iqfjfhknkXVhlWH4rr3Q&_part=3
2025-03-06 15:19:19 - fatura_bot - INFO - Baixando anexo: https://lrvseguros.com.br:2096/cpsess5954305702/3rdparty/roundcube/?_task=mail&_action=get&_mbox=INBOX&_uid=2402&_token=A2CvcF2khaw9iqfjfhknkXVhlWH4rr3Q&_part=3
2025-03-06 15:19:19 - fatura_bot - INFO - Baixando anexo: https://lrvseguros.com.br:2096/cpsess5954305702/3rdparty/roundcube/?_task=mail&_action=get&_mbox=INBOX&_uid=2402&_token=A2CvcF2khaw9iqfjfhknkXVhlWH4rr3Q&_part=3
2025-03-06 15:19:20 - fatura_bot - INFO - Arquivo salvo como: endosso de fatura e boleto - jfs transportes e comercio ltda - rctr-c - janeiro - 2025.pdf
2025-03-06 15:19:20 - fatura_bot - INFO - Arquivo salvo como: endosso de fatura e boleto - jfs transportes e comercio ltda - rctr-c - janeiro - 2025.pdf
2025-03-06 15:19:20 - fatura_bot - INFO - Arquivo salvo como: endosso de fatura e boleto - jfs transportes e comercio ltda - rctr-c - janeiro - 2025.pdf
2025-03-06 15:19:24 - fatura_bot - INFO - E-mails arquivados com sucesso
2025-03-06 15:19:24 - fatura_bot - INFO - E-mails arquivados com sucesso
2025-03-06 15:19:24 - fatura_bot - INFO - E-mails arquivados com sucesso
2025-03-06 15:19:27 - fatura_bot - INFO - Processando documento: endosso de fatura e boleto - jfs transportes e comercio ltda - rctr-c - janeiro - 2025.pdf
2025-03-06 15:19:27 - fatura_bot - INFO - Processando documento: endosso de fatura e boleto - jfs transportes e comercio ltda - rctr-c - janeiro - 2025.pdf
2025-03-06 15:19:27 - fatura_bot - INFO - Processando documento: endosso de fatura e boleto - jfs transportes e comercio ltda - rctr-c - janeiro - 2025.pdf
2025-03-06 15:19:47 - fatura_bot - INFO - Iniciando processo de automação
2025-03-06 15:19:47 - fatura_bot - INFO - Iniciando processo de automação
2025-03-06 15:19:47 - fatura_bot - INFO - Iniciando processo de automação
2025-03-06 15:19:51 - fatura_bot - ERROR - Erro ao processar documento Chubb: 'NoneType' object is not iterable
Traceback (most recent call last):
  File "c:\Users\ESTAGIARIO\Desktop\bots\Bot-Faturas\cadastro_fatura2.py", line 192, in <module>
    quiver(dados, documento, tipo_seguradora=TIPO_SEGURADORA['chubb'])
    ~~~~~~^^^^^^^^^^^^^^^^^^^^^^^^^^^^^^^^^^^^^^^^^^^^^^^^^^^^^^^^^^^^
  File "c:\Users\ESTAGIARIO\Desktop\bots\Bot-Faturas\src\services\web_automation.py", line 119, in quiver
    campo_apolice.send_keys(dados[0])
    ~~~~~~~~~~~~~~~~~~~~~~~^^^^^^^^^^
  File "C:\Users\ESTAGIARIO\AppData\Roaming\Python\Python313\site-packages\selenium\webdriver\remote\webelement.py", line 302, in send_keys
    Command.SEND_KEYS_TO_ELEMENT, {"text": "".join(keys_to_typing(value)), "value": keys_to_typing(value)}
                                                   ~~~~~~~~~~~~~~^^^^^^^
  File "C:\Users\ESTAGIARIO\AppData\Roaming\Python\Python313\site-packages\selenium\webdriver\common\utils.py", line 137, in keys_to_typing
    characters.extend(val)
    ~~~~~~~~~~~~~~~~~^^^^^
TypeError: 'NoneType' object is not iterable
2025-03-06 15:19:51 - fatura_bot - ERROR - Erro ao processar documento Chubb: 'NoneType' object is not iterable
Traceback (most recent call last):
  File "c:\Users\ESTAGIARIO\Desktop\bots\Bot-Faturas\cadastro_fatura2.py", line 192, in <module>
    quiver(dados, documento, tipo_seguradora=TIPO_SEGURADORA['chubb'])
    ~~~~~~^^^^^^^^^^^^^^^^^^^^^^^^^^^^^^^^^^^^^^^^^^^^^^^^^^^^^^^^^^^^
  File "c:\Users\ESTAGIARIO\Desktop\bots\Bot-Faturas\src\services\web_automation.py", line 119, in quiver
    campo_apolice.send_keys(dados[0])
    ~~~~~~~~~~~~~~~~~~~~~~~^^^^^^^^^^
  File "C:\Users\ESTAGIARIO\AppData\Roaming\Python\Python313\site-packages\selenium\webdriver\remote\webelement.py", line 302, in send_keys
    Command.SEND_KEYS_TO_ELEMENT, {"text": "".join(keys_to_typing(value)), "value": keys_to_typing(value)}
                                                   ~~~~~~~~~~~~~~^^^^^^^
  File "C:\Users\ESTAGIARIO\AppData\Roaming\Python\Python313\site-packages\selenium\webdriver\common\utils.py", line 137, in keys_to_typing
    characters.extend(val)
    ~~~~~~~~~~~~~~~~~^^^^^
TypeError: 'NoneType' object is not iterable
2025-03-06 15:19:51 - fatura_bot - ERROR - Erro ao processar documento Chubb: 'NoneType' object is not iterable
Traceback (most recent call last):
  File "c:\Users\ESTAGIARIO\Desktop\bots\Bot-Faturas\cadastro_fatura2.py", line 192, in <module>
    quiver(dados, documento, tipo_seguradora=TIPO_SEGURADORA['chubb'])
    ~~~~~~^^^^^^^^^^^^^^^^^^^^^^^^^^^^^^^^^^^^^^^^^^^^^^^^^^^^^^^^^^^^
  File "c:\Users\ESTAGIARIO\Desktop\bots\Bot-Faturas\src\services\web_automation.py", line 119, in quiver
    campo_apolice.send_keys(dados[0])
    ~~~~~~~~~~~~~~~~~~~~~~~^^^^^^^^^^
  File "C:\Users\ESTAGIARIO\AppData\Roaming\Python\Python313\site-packages\selenium\webdriver\remote\webelement.py", line 302, in send_keys
    Command.SEND_KEYS_TO_ELEMENT, {"text": "".join(keys_to_typing(value)), "value": keys_to_typing(value)}
                                                   ~~~~~~~~~~~~~~^^^^^^^
  File "C:\Users\ESTAGIARIO\AppData\Roaming\Python\Python313\site-packages\selenium\webdriver\common\utils.py", line 137, in keys_to_typing
    characters.extend(val)
    ~~~~~~~~~~~~~~~~~^^^^^
TypeError: 'NoneType' object is not iterable
2025-03-06 15:19:52 - fatura_bot - INFO - Processamento concluído
2025-03-06 15:19:52 - fatura_bot - INFO - Processamento concluído
2025-03-06 15:19:52 - fatura_bot - INFO - Processamento concluído
2025-03-06 15:21:17 - fatura_bot - INFO - Encontrados 1 e-mails não lidos
2025-03-06 15:21:17 - fatura_bot - INFO - Encontrados 1 e-mails não lidos
2025-03-06 15:21:17 - fatura_bot - INFO - Encontrados 1 e-mails não lidos
2025-03-06 15:21:21 - fatura_bot - INFO - Baixando anexo: https://lrvseguros.com.br:2096/cpsess6983146316/3rdparty/roundcube/?_task=mail&_action=get&_mbox=INBOX&_uid=2403&_token=0aJsIDOqoIuDT6EFpdBisL8d8ztwwd45&_part=2
2025-03-06 15:21:21 - fatura_bot - INFO - Baixando anexo: https://lrvseguros.com.br:2096/cpsess6983146316/3rdparty/roundcube/?_task=mail&_action=get&_mbox=INBOX&_uid=2403&_token=0aJsIDOqoIuDT6EFpdBisL8d8ztwwd45&_part=2
2025-03-06 15:21:21 - fatura_bot - INFO - Baixando anexo: https://lrvseguros.com.br:2096/cpsess6983146316/3rdparty/roundcube/?_task=mail&_action=get&_mbox=INBOX&_uid=2403&_token=0aJsIDOqoIuDT6EFpdBisL8d8ztwwd45&_part=2
2025-03-06 15:21:23 - fatura_bot - INFO - Arquivo salvo como: resumo de embarques - jfs transportes e comercio ltda - rctr-c - janeiro - 2025.pdf
2025-03-06 15:21:23 - fatura_bot - INFO - Arquivo salvo como: resumo de embarques - jfs transportes e comercio ltda - rctr-c - janeiro - 2025.pdf
2025-03-06 15:21:23 - fatura_bot - INFO - Arquivo salvo como: resumo de embarques - jfs transportes e comercio ltda - rctr-c - janeiro - 2025.pdf
2025-03-06 15:21:23 - fatura_bot - INFO - Baixando anexo: https://lrvseguros.com.br:2096/cpsess6983146316/3rdparty/roundcube/?_task=mail&_action=get&_mbox=INBOX&_uid=2403&_token=0aJsIDOqoIuDT6EFpdBisL8d8ztwwd45&_part=3
2025-03-06 15:21:23 - fatura_bot - INFO - Baixando anexo: https://lrvseguros.com.br:2096/cpsess6983146316/3rdparty/roundcube/?_task=mail&_action=get&_mbox=INBOX&_uid=2403&_token=0aJsIDOqoIuDT6EFpdBisL8d8ztwwd45&_part=3
2025-03-06 15:21:23 - fatura_bot - INFO - Baixando anexo: https://lrvseguros.com.br:2096/cpsess6983146316/3rdparty/roundcube/?_task=mail&_action=get&_mbox=INBOX&_uid=2403&_token=0aJsIDOqoIuDT6EFpdBisL8d8ztwwd45&_part=3
2025-03-06 15:21:26 - fatura_bot - INFO - Arquivo salvo como: endosso de fatura e boleto - jfs transportes e comercio ltda - rctr-c - janeiro - 2025.pdf
2025-03-06 15:21:26 - fatura_bot - INFO - Arquivo salvo como: endosso de fatura e boleto - jfs transportes e comercio ltda - rctr-c - janeiro - 2025.pdf
2025-03-06 15:21:26 - fatura_bot - INFO - Arquivo salvo como: endosso de fatura e boleto - jfs transportes e comercio ltda - rctr-c - janeiro - 2025.pdf
2025-03-06 15:21:29 - fatura_bot - INFO - E-mails arquivados com sucesso
2025-03-06 15:21:29 - fatura_bot - INFO - E-mails arquivados com sucesso
2025-03-06 15:21:29 - fatura_bot - INFO - E-mails arquivados com sucesso
2025-03-06 15:21:32 - fatura_bot - INFO - Processando documento: endosso de fatura e boleto - jfs transportes e comercio ltda - rctr-c - janeiro - 2025.pdf
2025-03-06 15:21:32 - fatura_bot - INFO - Processando documento: endosso de fatura e boleto - jfs transportes e comercio ltda - rctr-c - janeiro - 2025.pdf
2025-03-06 15:21:32 - fatura_bot - INFO - Processando documento: endosso de fatura e boleto - jfs transportes e comercio ltda - rctr-c - janeiro - 2025.pdf
2025-03-06 15:21:50 - fatura_bot - INFO - Iniciando processo de automação
2025-03-06 15:21:50 - fatura_bot - INFO - Iniciando processo de automação
2025-03-06 15:21:50 - fatura_bot - INFO - Iniciando processo de automação
2025-03-06 15:21:54 - fatura_bot - ERROR - Erro ao processar documento Chubb: list index out of range
Traceback (most recent call last):
  File "c:\Users\ESTAGIARIO\Desktop\bots\Bot-Faturas\cadastro_fatura2.py", line 192, in <module>
    quiver(dados, documento, tipo_seguradora=TIPO_SEGURADORA['chubb'])
    ~~~~~~^^^^^^^^^^^^^^^^^^^^^^^^^^^^^^^^^^^^^^^^^^^^^^^^^^^^^^^^^^^^
  File "c:\Users\ESTAGIARIO\Desktop\bots\Bot-Faturas\src\services\web_automation.py", line 119, in quiver
    campo_apolice.send_keys(dados[0])
                            ~~~~~^^^
IndexError: list index out of range
2025-03-06 15:21:54 - fatura_bot - ERROR - Erro ao processar documento Chubb: list index out of range
Traceback (most recent call last):
  File "c:\Users\ESTAGIARIO\Desktop\bots\Bot-Faturas\cadastro_fatura2.py", line 192, in <module>
    quiver(dados, documento, tipo_seguradora=TIPO_SEGURADORA['chubb'])
    ~~~~~~^^^^^^^^^^^^^^^^^^^^^^^^^^^^^^^^^^^^^^^^^^^^^^^^^^^^^^^^^^^^
  File "c:\Users\ESTAGIARIO\Desktop\bots\Bot-Faturas\src\services\web_automation.py", line 119, in quiver
    campo_apolice.send_keys(dados[0])
                            ~~~~~^^^
IndexError: list index out of range
2025-03-06 15:21:54 - fatura_bot - ERROR - Erro ao processar documento Chubb: list index out of range
Traceback (most recent call last):
  File "c:\Users\ESTAGIARIO\Desktop\bots\Bot-Faturas\cadastro_fatura2.py", line 192, in <module>
    quiver(dados, documento, tipo_seguradora=TIPO_SEGURADORA['chubb'])
    ~~~~~~^^^^^^^^^^^^^^^^^^^^^^^^^^^^^^^^^^^^^^^^^^^^^^^^^^^^^^^^^^^^
  File "c:\Users\ESTAGIARIO\Desktop\bots\Bot-Faturas\src\services\web_automation.py", line 119, in quiver
    campo_apolice.send_keys(dados[0])
                            ~~~~~^^^
IndexError: list index out of range
2025-03-06 15:21:54 - fatura_bot - INFO - Processamento concluído
2025-03-06 15:21:54 - fatura_bot - INFO - Processamento concluído
2025-03-06 15:21:54 - fatura_bot - INFO - Processamento concluído
2025-03-06 15:34:49 - fatura_bot - INFO - Encontrados 1 e-mails não lidos
2025-03-06 15:34:49 - fatura_bot - INFO - Encontrados 1 e-mails não lidos
2025-03-06 15:34:49 - fatura_bot - INFO - Encontrados 1 e-mails não lidos
2025-03-06 15:34:53 - fatura_bot - INFO - Baixando anexo: https://lrvseguros.com.br:2096/cpsess5256118401/3rdparty/roundcube/?_task=mail&_action=get&_mbox=INBOX&_uid=2404&_token=07A1msKR8QcFsNL203bWtFoz0giYRqLR&_part=2
2025-03-06 15:34:53 - fatura_bot - INFO - Baixando anexo: https://lrvseguros.com.br:2096/cpsess5256118401/3rdparty/roundcube/?_task=mail&_action=get&_mbox=INBOX&_uid=2404&_token=07A1msKR8QcFsNL203bWtFoz0giYRqLR&_part=2
2025-03-06 15:34:53 - fatura_bot - INFO - Baixando anexo: https://lrvseguros.com.br:2096/cpsess5256118401/3rdparty/roundcube/?_task=mail&_action=get&_mbox=INBOX&_uid=2404&_token=07A1msKR8QcFsNL203bWtFoz0giYRqLR&_part=2
2025-03-06 15:34:55 - fatura_bot - INFO - Arquivo salvo como: resumo de embarques - jfs transportes e comercio ltda - rctr-c - janeiro - 2025.pdf
2025-03-06 15:34:55 - fatura_bot - INFO - Arquivo salvo como: resumo de embarques - jfs transportes e comercio ltda - rctr-c - janeiro - 2025.pdf
2025-03-06 15:34:55 - fatura_bot - INFO - Arquivo salvo como: resumo de embarques - jfs transportes e comercio ltda - rctr-c - janeiro - 2025.pdf
2025-03-06 15:34:55 - fatura_bot - INFO - Baixando anexo: https://lrvseguros.com.br:2096/cpsess5256118401/3rdparty/roundcube/?_task=mail&_action=get&_mbox=INBOX&_uid=2404&_token=07A1msKR8QcFsNL203bWtFoz0giYRqLR&_part=3
2025-03-06 15:34:55 - fatura_bot - INFO - Baixando anexo: https://lrvseguros.com.br:2096/cpsess5256118401/3rdparty/roundcube/?_task=mail&_action=get&_mbox=INBOX&_uid=2404&_token=07A1msKR8QcFsNL203bWtFoz0giYRqLR&_part=3
2025-03-06 15:34:55 - fatura_bot - INFO - Baixando anexo: https://lrvseguros.com.br:2096/cpsess5256118401/3rdparty/roundcube/?_task=mail&_action=get&_mbox=INBOX&_uid=2404&_token=07A1msKR8QcFsNL203bWtFoz0giYRqLR&_part=3
2025-03-06 15:34:58 - fatura_bot - INFO - Arquivo salvo como: endosso de fatura e boleto - jfs transportes e comercio ltda - rctr-c - janeiro - 2025.pdf
2025-03-06 15:34:58 - fatura_bot - INFO - Arquivo salvo como: endosso de fatura e boleto - jfs transportes e comercio ltda - rctr-c - janeiro - 2025.pdf
2025-03-06 15:34:58 - fatura_bot - INFO - Arquivo salvo como: endosso de fatura e boleto - jfs transportes e comercio ltda - rctr-c - janeiro - 2025.pdf
2025-03-06 15:35:01 - fatura_bot - INFO - E-mails arquivados com sucesso
2025-03-06 15:35:01 - fatura_bot - INFO - E-mails arquivados com sucesso
2025-03-06 15:35:01 - fatura_bot - INFO - E-mails arquivados com sucesso
2025-03-06 15:35:03 - fatura_bot - INFO - Processando documento: endosso de fatura e boleto - jfs transportes e comercio ltda - rctr-c - janeiro - 2025.pdf
2025-03-06 15:35:03 - fatura_bot - INFO - Processando documento: endosso de fatura e boleto - jfs transportes e comercio ltda - rctr-c - janeiro - 2025.pdf
2025-03-06 15:35:03 - fatura_bot - INFO - Processando documento: endosso de fatura e boleto - jfs transportes e comercio ltda - rctr-c - janeiro - 2025.pdf
2025-03-06 15:35:03 - fatura_bot - ERROR - Erro ao processar documento Chubb: invalid literal for int() with base 10: '10DEFEVEREIRO'
Traceback (most recent call last):
  File "c:\Users\ESTAGIARIO\Desktop\bots\Bot-Faturas\cadastro_fatura2.py", line 191, in <module>
    dados = chubb(texto)
  File "c:\Users\ESTAGIARIO\Desktop\bots\Bot-Faturas\src\company\chubb.py", line 164, in chubb
    em_d, em_m, em_y = map(int, data_emissao.split('/'))
    ^^^^^^^^^^^^^^^^
ValueError: invalid literal for int() with base 10: '10DEFEVEREIRO'
2025-03-06 15:35:03 - fatura_bot - ERROR - Erro ao processar documento Chubb: invalid literal for int() with base 10: '10DEFEVEREIRO'
Traceback (most recent call last):
  File "c:\Users\ESTAGIARIO\Desktop\bots\Bot-Faturas\cadastro_fatura2.py", line 191, in <module>
    dados = chubb(texto)
  File "c:\Users\ESTAGIARIO\Desktop\bots\Bot-Faturas\src\company\chubb.py", line 164, in chubb
    em_d, em_m, em_y = map(int, data_emissao.split('/'))
    ^^^^^^^^^^^^^^^^
ValueError: invalid literal for int() with base 10: '10DEFEVEREIRO'
2025-03-06 15:35:03 - fatura_bot - ERROR - Erro ao processar documento Chubb: invalid literal for int() with base 10: '10DEFEVEREIRO'
Traceback (most recent call last):
  File "c:\Users\ESTAGIARIO\Desktop\bots\Bot-Faturas\cadastro_fatura2.py", line 191, in <module>
    dados = chubb(texto)
  File "c:\Users\ESTAGIARIO\Desktop\bots\Bot-Faturas\src\company\chubb.py", line 164, in chubb
    em_d, em_m, em_y = map(int, data_emissao.split('/'))
    ^^^^^^^^^^^^^^^^
ValueError: invalid literal for int() with base 10: '10DEFEVEREIRO'
2025-03-06 15:35:03 - fatura_bot - INFO - Processamento concluído
2025-03-06 15:35:03 - fatura_bot - INFO - Processamento concluído
2025-03-06 15:35:03 - fatura_bot - INFO - Processamento concluído
2025-03-06 15:38:15 - fatura_bot - INFO - Encontrados 1 e-mails não lidos
2025-03-06 15:38:15 - fatura_bot - INFO - Encontrados 1 e-mails não lidos
2025-03-06 15:38:15 - fatura_bot - INFO - Encontrados 1 e-mails não lidos
2025-03-06 15:38:19 - fatura_bot - INFO - Baixando anexo: https://lrvseguros.com.br:2096/cpsess7067290822/3rdparty/roundcube/?_task=mail&_action=get&_mbox=INBOX&_uid=2405&_token=jkMv2MPx5OajpBGQdc97H2bBOKfh80Ml&_part=2
2025-03-06 15:38:19 - fatura_bot - INFO - Baixando anexo: https://lrvseguros.com.br:2096/cpsess7067290822/3rdparty/roundcube/?_task=mail&_action=get&_mbox=INBOX&_uid=2405&_token=jkMv2MPx5OajpBGQdc97H2bBOKfh80Ml&_part=2
2025-03-06 15:38:19 - fatura_bot - INFO - Baixando anexo: https://lrvseguros.com.br:2096/cpsess7067290822/3rdparty/roundcube/?_task=mail&_action=get&_mbox=INBOX&_uid=2405&_token=jkMv2MPx5OajpBGQdc97H2bBOKfh80Ml&_part=2
2025-03-06 15:38:27 - fatura_bot - INFO - Arquivo salvo como: resumo de embarques - jfs transportes e comercio ltda - rctr-c - janeiro - 2025.pdf
2025-03-06 15:38:27 - fatura_bot - INFO - Arquivo salvo como: resumo de embarques - jfs transportes e comercio ltda - rctr-c - janeiro - 2025.pdf
2025-03-06 15:38:27 - fatura_bot - INFO - Arquivo salvo como: resumo de embarques - jfs transportes e comercio ltda - rctr-c - janeiro - 2025.pdf
2025-03-06 15:38:27 - fatura_bot - INFO - Baixando anexo: https://lrvseguros.com.br:2096/cpsess7067290822/3rdparty/roundcube/?_task=mail&_action=get&_mbox=INBOX&_uid=2405&_token=jkMv2MPx5OajpBGQdc97H2bBOKfh80Ml&_part=3
2025-03-06 15:38:27 - fatura_bot - INFO - Baixando anexo: https://lrvseguros.com.br:2096/cpsess7067290822/3rdparty/roundcube/?_task=mail&_action=get&_mbox=INBOX&_uid=2405&_token=jkMv2MPx5OajpBGQdc97H2bBOKfh80Ml&_part=3
2025-03-06 15:38:27 - fatura_bot - INFO - Baixando anexo: https://lrvseguros.com.br:2096/cpsess7067290822/3rdparty/roundcube/?_task=mail&_action=get&_mbox=INBOX&_uid=2405&_token=jkMv2MPx5OajpBGQdc97H2bBOKfh80Ml&_part=3
2025-03-06 15:38:31 - fatura_bot - INFO - Arquivo salvo como: endosso de fatura e boleto - jfs transportes e comercio ltda - rctr-c - janeiro - 2025.pdf
2025-03-06 15:38:31 - fatura_bot - INFO - Arquivo salvo como: endosso de fatura e boleto - jfs transportes e comercio ltda - rctr-c - janeiro - 2025.pdf
2025-03-06 15:38:31 - fatura_bot - INFO - Arquivo salvo como: endosso de fatura e boleto - jfs transportes e comercio ltda - rctr-c - janeiro - 2025.pdf
2025-03-06 15:38:36 - fatura_bot - INFO - E-mails arquivados com sucesso
2025-03-06 15:38:36 - fatura_bot - INFO - E-mails arquivados com sucesso
2025-03-06 15:38:36 - fatura_bot - INFO - E-mails arquivados com sucesso
2025-03-06 15:38:39 - fatura_bot - INFO - Processando documento: endosso de fatura e boleto - jfs transportes e comercio ltda - rctr-c - janeiro - 2025.pdf
2025-03-06 15:38:39 - fatura_bot - INFO - Processando documento: endosso de fatura e boleto - jfs transportes e comercio ltda - rctr-c - janeiro - 2025.pdf
2025-03-06 15:38:39 - fatura_bot - INFO - Processando documento: endosso de fatura e boleto - jfs transportes e comercio ltda - rctr-c - janeiro - 2025.pdf
2025-03-06 15:39:11 - fatura_bot - INFO - Iniciando processo de automação
2025-03-06 15:39:11 - fatura_bot - INFO - Iniciando processo de automação
2025-03-06 15:39:11 - fatura_bot - INFO - Iniciando processo de automação
2025-03-06 16:09:51 - fatura_bot - INFO - Encontrados 1 e-mails não lidos
2025-03-06 16:09:51 - fatura_bot - INFO - Encontrados 1 e-mails não lidos
2025-03-06 16:09:51 - fatura_bot - INFO - Encontrados 1 e-mails não lidos
2025-03-06 16:09:53 - fatura_bot - INFO - Baixando anexo: https://lrvseguros.com.br:2096/cpsess4867829589/3rdparty/roundcube/?_task=mail&_action=get&_mbox=INBOX&_uid=2406&_token=IbbtfZY3Fi2Qvq77v5ly0vxchWWdtGnq&_part=2
2025-03-06 16:09:53 - fatura_bot - INFO - Baixando anexo: https://lrvseguros.com.br:2096/cpsess4867829589/3rdparty/roundcube/?_task=mail&_action=get&_mbox=INBOX&_uid=2406&_token=IbbtfZY3Fi2Qvq77v5ly0vxchWWdtGnq&_part=2
2025-03-06 16:09:53 - fatura_bot - INFO - Baixando anexo: https://lrvseguros.com.br:2096/cpsess4867829589/3rdparty/roundcube/?_task=mail&_action=get&_mbox=INBOX&_uid=2406&_token=IbbtfZY3Fi2Qvq77v5ly0vxchWWdtGnq&_part=2
2025-03-06 16:09:54 - fatura_bot - INFO - Arquivo salvo como: resumo de embarques - jfs transportes e comercio ltda - rctr-c - janeiro - 2025.pdf
2025-03-06 16:09:54 - fatura_bot - INFO - Arquivo salvo como: resumo de embarques - jfs transportes e comercio ltda - rctr-c - janeiro - 2025.pdf
2025-03-06 16:09:54 - fatura_bot - INFO - Arquivo salvo como: resumo de embarques - jfs transportes e comercio ltda - rctr-c - janeiro - 2025.pdf
2025-03-06 16:09:54 - fatura_bot - INFO - Baixando anexo: https://lrvseguros.com.br:2096/cpsess4867829589/3rdparty/roundcube/?_task=mail&_action=get&_mbox=INBOX&_uid=2406&_token=IbbtfZY3Fi2Qvq77v5ly0vxchWWdtGnq&_part=3
2025-03-06 16:09:54 - fatura_bot - INFO - Baixando anexo: https://lrvseguros.com.br:2096/cpsess4867829589/3rdparty/roundcube/?_task=mail&_action=get&_mbox=INBOX&_uid=2406&_token=IbbtfZY3Fi2Qvq77v5ly0vxchWWdtGnq&_part=3
2025-03-06 16:09:54 - fatura_bot - INFO - Baixando anexo: https://lrvseguros.com.br:2096/cpsess4867829589/3rdparty/roundcube/?_task=mail&_action=get&_mbox=INBOX&_uid=2406&_token=IbbtfZY3Fi2Qvq77v5ly0vxchWWdtGnq&_part=3
2025-03-06 16:09:57 - fatura_bot - INFO - Arquivo salvo como: endosso de fatura e boleto - jfs transportes e comercio ltda - rctr-c - janeiro - 2025.pdf
2025-03-06 16:09:57 - fatura_bot - INFO - Arquivo salvo como: endosso de fatura e boleto - jfs transportes e comercio ltda - rctr-c - janeiro - 2025.pdf
2025-03-06 16:09:57 - fatura_bot - INFO - Arquivo salvo como: endosso de fatura e boleto - jfs transportes e comercio ltda - rctr-c - janeiro - 2025.pdf
2025-03-06 16:10:00 - fatura_bot - INFO - E-mails arquivados com sucesso
2025-03-06 16:10:00 - fatura_bot - INFO - E-mails arquivados com sucesso
2025-03-06 16:10:00 - fatura_bot - INFO - E-mails arquivados com sucesso
2025-03-06 16:10:02 - fatura_bot - INFO - Processando documento: endosso de fatura e boleto - jfs transportes e comercio ltda - rctr-c - janeiro - 2025.pdf
2025-03-06 16:10:02 - fatura_bot - INFO - Processando documento: endosso de fatura e boleto - jfs transportes e comercio ltda - rctr-c - janeiro - 2025.pdf
2025-03-06 16:10:02 - fatura_bot - INFO - Processando documento: endosso de fatura e boleto - jfs transportes e comercio ltda - rctr-c - janeiro - 2025.pdf
2025-03-06 16:10:24 - fatura_bot - INFO - Iniciando processo de automação
2025-03-06 16:10:24 - fatura_bot - INFO - Iniciando processo de automação
2025-03-06 16:10:24 - fatura_bot - INFO - Iniciando processo de automação
2025-03-06 16:12:52 - fatura_bot - INFO - Encontrados 1 e-mails não lidos
2025-03-06 16:12:52 - fatura_bot - INFO - Encontrados 1 e-mails não lidos
2025-03-06 16:12:52 - fatura_bot - INFO - Encontrados 1 e-mails não lidos
2025-03-06 16:12:57 - fatura_bot - INFO - Baixando anexo: https://lrvseguros.com.br:2096/cpsess5141342594/3rdparty/roundcube/?_task=mail&_action=get&_mbox=INBOX&_uid=2407&_token=PN4EFbzGdk1RzNxuDolLMqil2gga3QB2&_part=2
2025-03-06 16:12:57 - fatura_bot - INFO - Baixando anexo: https://lrvseguros.com.br:2096/cpsess5141342594/3rdparty/roundcube/?_task=mail&_action=get&_mbox=INBOX&_uid=2407&_token=PN4EFbzGdk1RzNxuDolLMqil2gga3QB2&_part=2
2025-03-06 16:12:57 - fatura_bot - INFO - Baixando anexo: https://lrvseguros.com.br:2096/cpsess5141342594/3rdparty/roundcube/?_task=mail&_action=get&_mbox=INBOX&_uid=2407&_token=PN4EFbzGdk1RzNxuDolLMqil2gga3QB2&_part=2
2025-03-06 16:12:59 - fatura_bot - INFO - Arquivo salvo como: resumo de embarques - jfs transportes e comercio ltda - rctr-c - janeiro - 2025.pdf
2025-03-06 16:12:59 - fatura_bot - INFO - Arquivo salvo como: resumo de embarques - jfs transportes e comercio ltda - rctr-c - janeiro - 2025.pdf
2025-03-06 16:12:59 - fatura_bot - INFO - Arquivo salvo como: resumo de embarques - jfs transportes e comercio ltda - rctr-c - janeiro - 2025.pdf
2025-03-06 16:12:59 - fatura_bot - INFO - Baixando anexo: https://lrvseguros.com.br:2096/cpsess5141342594/3rdparty/roundcube/?_task=mail&_action=get&_mbox=INBOX&_uid=2407&_token=PN4EFbzGdk1RzNxuDolLMqil2gga3QB2&_part=3
2025-03-06 16:12:59 - fatura_bot - INFO - Baixando anexo: https://lrvseguros.com.br:2096/cpsess5141342594/3rdparty/roundcube/?_task=mail&_action=get&_mbox=INBOX&_uid=2407&_token=PN4EFbzGdk1RzNxuDolLMqil2gga3QB2&_part=3
2025-03-06 16:12:59 - fatura_bot - INFO - Baixando anexo: https://lrvseguros.com.br:2096/cpsess5141342594/3rdparty/roundcube/?_task=mail&_action=get&_mbox=INBOX&_uid=2407&_token=PN4EFbzGdk1RzNxuDolLMqil2gga3QB2&_part=3
2025-03-06 16:13:06 - fatura_bot - INFO - Arquivo salvo como: endosso de fatura e boleto - jfs transportes e comercio ltda - rctr-c - janeiro - 2025.pdf
2025-03-06 16:13:06 - fatura_bot - INFO - Arquivo salvo como: endosso de fatura e boleto - jfs transportes e comercio ltda - rctr-c - janeiro - 2025.pdf
2025-03-06 16:13:06 - fatura_bot - INFO - Arquivo salvo como: endosso de fatura e boleto - jfs transportes e comercio ltda - rctr-c - janeiro - 2025.pdf
2025-03-06 16:13:09 - fatura_bot - INFO - E-mails arquivados com sucesso
2025-03-06 16:13:09 - fatura_bot - INFO - E-mails arquivados com sucesso
2025-03-06 16:13:09 - fatura_bot - INFO - E-mails arquivados com sucesso
2025-03-06 16:13:11 - fatura_bot - INFO - Processando documento: endosso de fatura e boleto - jfs transportes e comercio ltda - rctr-c - janeiro - 2025.pdf
2025-03-06 16:13:11 - fatura_bot - INFO - Processando documento: endosso de fatura e boleto - jfs transportes e comercio ltda - rctr-c - janeiro - 2025.pdf
2025-03-06 16:13:11 - fatura_bot - INFO - Processando documento: endosso de fatura e boleto - jfs transportes e comercio ltda - rctr-c - janeiro - 2025.pdf
2025-03-06 16:25:23 - fatura_bot - INFO - Encontrados 1 e-mails não lidos
2025-03-06 16:25:23 - fatura_bot - INFO - Encontrados 1 e-mails não lidos
2025-03-06 16:25:23 - fatura_bot - INFO - Encontrados 1 e-mails não lidos
2025-03-06 16:25:26 - fatura_bot - INFO - Baixando anexo: https://lrvseguros.com.br:2096/cpsess1021750528/3rdparty/roundcube/?_task=mail&_action=get&_mbox=INBOX&_uid=2408&_token=6bP0GKD3RKNAMMwKHh68qkkFGgy5UAF9&_part=2
2025-03-06 16:25:26 - fatura_bot - INFO - Baixando anexo: https://lrvseguros.com.br:2096/cpsess1021750528/3rdparty/roundcube/?_task=mail&_action=get&_mbox=INBOX&_uid=2408&_token=6bP0GKD3RKNAMMwKHh68qkkFGgy5UAF9&_part=2
2025-03-06 16:25:26 - fatura_bot - INFO - Baixando anexo: https://lrvseguros.com.br:2096/cpsess1021750528/3rdparty/roundcube/?_task=mail&_action=get&_mbox=INBOX&_uid=2408&_token=6bP0GKD3RKNAMMwKHh68qkkFGgy5UAF9&_part=2
2025-03-06 16:25:28 - fatura_bot - INFO - Arquivo salvo como: resumo de embarques - jfs transportes e comercio ltda - rctr-c - janeiro - 2025.pdf
2025-03-06 16:25:28 - fatura_bot - INFO - Arquivo salvo como: resumo de embarques - jfs transportes e comercio ltda - rctr-c - janeiro - 2025.pdf
2025-03-06 16:25:28 - fatura_bot - INFO - Arquivo salvo como: resumo de embarques - jfs transportes e comercio ltda - rctr-c - janeiro - 2025.pdf
2025-03-06 16:25:28 - fatura_bot - INFO - Baixando anexo: https://lrvseguros.com.br:2096/cpsess1021750528/3rdparty/roundcube/?_task=mail&_action=get&_mbox=INBOX&_uid=2408&_token=6bP0GKD3RKNAMMwKHh68qkkFGgy5UAF9&_part=3
2025-03-06 16:25:28 - fatura_bot - INFO - Baixando anexo: https://lrvseguros.com.br:2096/cpsess1021750528/3rdparty/roundcube/?_task=mail&_action=get&_mbox=INBOX&_uid=2408&_token=6bP0GKD3RKNAMMwKHh68qkkFGgy5UAF9&_part=3
2025-03-06 16:25:28 - fatura_bot - INFO - Baixando anexo: https://lrvseguros.com.br:2096/cpsess1021750528/3rdparty/roundcube/?_task=mail&_action=get&_mbox=INBOX&_uid=2408&_token=6bP0GKD3RKNAMMwKHh68qkkFGgy5UAF9&_part=3
2025-03-06 16:25:31 - fatura_bot - INFO - Arquivo salvo como: endosso de fatura e boleto - jfs transportes e comercio ltda - rctr-c - janeiro - 2025.pdf
2025-03-06 16:25:31 - fatura_bot - INFO - Arquivo salvo como: endosso de fatura e boleto - jfs transportes e comercio ltda - rctr-c - janeiro - 2025.pdf
2025-03-06 16:25:31 - fatura_bot - INFO - Arquivo salvo como: endosso de fatura e boleto - jfs transportes e comercio ltda - rctr-c - janeiro - 2025.pdf
2025-03-06 16:25:34 - fatura_bot - INFO - E-mails arquivados com sucesso
2025-03-06 16:25:34 - fatura_bot - INFO - E-mails arquivados com sucesso
2025-03-06 16:25:34 - fatura_bot - INFO - E-mails arquivados com sucesso
2025-03-06 16:25:36 - fatura_bot - INFO - Processando documento: endosso de fatura e boleto - jfs transportes e comercio ltda - rctr-c - janeiro - 2025.pdf
2025-03-06 16:25:36 - fatura_bot - INFO - Processando documento: endosso de fatura e boleto - jfs transportes e comercio ltda - rctr-c - janeiro - 2025.pdf
2025-03-06 16:25:36 - fatura_bot - INFO - Processando documento: endosso de fatura e boleto - jfs transportes e comercio ltda - rctr-c - janeiro - 2025.pdf
2025-03-06 16:25:59 - fatura_bot - INFO - Iniciando processo de automação
2025-03-06 16:25:59 - fatura_bot - INFO - Iniciando processo de automação
2025-03-06 16:25:59 - fatura_bot - INFO - Iniciando processo de automação
2025-03-06 16:28:36 - fatura_bot - INFO - Encontrados 1 e-mails não lidos
2025-03-06 16:28:36 - fatura_bot - INFO - Encontrados 1 e-mails não lidos
2025-03-06 16:28:36 - fatura_bot - INFO - Encontrados 1 e-mails não lidos
2025-03-06 16:28:38 - fatura_bot - INFO - Baixando anexo: https://lrvseguros.com.br:2096/cpsess5236167455/3rdparty/roundcube/?_task=mail&_action=get&_mbox=INBOX&_uid=2409&_token=XtxEHRZwo8WdYfqSbVf2PumRmlpfr7fk&_part=2
2025-03-06 16:28:38 - fatura_bot - INFO - Baixando anexo: https://lrvseguros.com.br:2096/cpsess5236167455/3rdparty/roundcube/?_task=mail&_action=get&_mbox=INBOX&_uid=2409&_token=XtxEHRZwo8WdYfqSbVf2PumRmlpfr7fk&_part=2
2025-03-06 16:28:38 - fatura_bot - INFO - Baixando anexo: https://lrvseguros.com.br:2096/cpsess5236167455/3rdparty/roundcube/?_task=mail&_action=get&_mbox=INBOX&_uid=2409&_token=XtxEHRZwo8WdYfqSbVf2PumRmlpfr7fk&_part=2
2025-03-06 16:28:40 - fatura_bot - INFO - Arquivo salvo como: resumo de embarques - jfs transportes e comercio ltda - rctr-c - janeiro - 2025.pdf
2025-03-06 16:28:40 - fatura_bot - INFO - Arquivo salvo como: resumo de embarques - jfs transportes e comercio ltda - rctr-c - janeiro - 2025.pdf
2025-03-06 16:28:40 - fatura_bot - INFO - Arquivo salvo como: resumo de embarques - jfs transportes e comercio ltda - rctr-c - janeiro - 2025.pdf
2025-03-06 16:28:40 - fatura_bot - INFO - Baixando anexo: https://lrvseguros.com.br:2096/cpsess5236167455/3rdparty/roundcube/?_task=mail&_action=get&_mbox=INBOX&_uid=2409&_token=XtxEHRZwo8WdYfqSbVf2PumRmlpfr7fk&_part=3
2025-03-06 16:28:40 - fatura_bot - INFO - Baixando anexo: https://lrvseguros.com.br:2096/cpsess5236167455/3rdparty/roundcube/?_task=mail&_action=get&_mbox=INBOX&_uid=2409&_token=XtxEHRZwo8WdYfqSbVf2PumRmlpfr7fk&_part=3
2025-03-06 16:28:40 - fatura_bot - INFO - Baixando anexo: https://lrvseguros.com.br:2096/cpsess5236167455/3rdparty/roundcube/?_task=mail&_action=get&_mbox=INBOX&_uid=2409&_token=XtxEHRZwo8WdYfqSbVf2PumRmlpfr7fk&_part=3
2025-03-06 16:28:42 - fatura_bot - INFO - Arquivo salvo como: endosso de fatura e boleto - jfs transportes e comercio ltda - rctr-c - janeiro - 2025.pdf
2025-03-06 16:28:42 - fatura_bot - INFO - Arquivo salvo como: endosso de fatura e boleto - jfs transportes e comercio ltda - rctr-c - janeiro - 2025.pdf
2025-03-06 16:28:42 - fatura_bot - INFO - Arquivo salvo como: endosso de fatura e boleto - jfs transportes e comercio ltda - rctr-c - janeiro - 2025.pdf
2025-03-06 16:28:45 - fatura_bot - INFO - E-mails arquivados com sucesso
2025-03-06 16:28:45 - fatura_bot - INFO - E-mails arquivados com sucesso
2025-03-06 16:28:45 - fatura_bot - INFO - E-mails arquivados com sucesso
2025-03-06 16:28:47 - fatura_bot - INFO - Processando documento: endosso de fatura e boleto - jfs transportes e comercio ltda - rctr-c - janeiro - 2025.pdf
2025-03-06 16:28:47 - fatura_bot - INFO - Processando documento: endosso de fatura e boleto - jfs transportes e comercio ltda - rctr-c - janeiro - 2025.pdf
2025-03-06 16:28:47 - fatura_bot - INFO - Processando documento: endosso de fatura e boleto - jfs transportes e comercio ltda - rctr-c - janeiro - 2025.pdf
2025-03-06 16:29:12 - fatura_bot - INFO - Iniciando processo de automação
2025-03-06 16:29:12 - fatura_bot - INFO - Iniciando processo de automação
2025-03-06 16:29:12 - fatura_bot - INFO - Iniciando processo de automação
2025-03-06 16:30:14 - fatura_bot - INFO - Encontrados 1 e-mails não lidos
2025-03-06 16:30:14 - fatura_bot - INFO - Encontrados 1 e-mails não lidos
2025-03-06 16:30:14 - fatura_bot - INFO - Encontrados 1 e-mails não lidos
2025-03-06 16:30:17 - fatura_bot - INFO - Baixando anexo: https://lrvseguros.com.br:2096/cpsess4094830059/3rdparty/roundcube/?_task=mail&_action=get&_mbox=INBOX&_uid=2410&_token=5Ap76NjsQilgyxDGTNdQ5wXnikfy2UZk&_part=2
2025-03-06 16:30:17 - fatura_bot - INFO - Baixando anexo: https://lrvseguros.com.br:2096/cpsess4094830059/3rdparty/roundcube/?_task=mail&_action=get&_mbox=INBOX&_uid=2410&_token=5Ap76NjsQilgyxDGTNdQ5wXnikfy2UZk&_part=2
2025-03-06 16:30:17 - fatura_bot - INFO - Baixando anexo: https://lrvseguros.com.br:2096/cpsess4094830059/3rdparty/roundcube/?_task=mail&_action=get&_mbox=INBOX&_uid=2410&_token=5Ap76NjsQilgyxDGTNdQ5wXnikfy2UZk&_part=2
2025-03-06 16:30:19 - fatura_bot - INFO - Arquivo salvo como: resumo de embarques - jfs transportes e comercio ltda - rctr-c - janeiro - 2025.pdf
2025-03-06 16:30:19 - fatura_bot - INFO - Arquivo salvo como: resumo de embarques - jfs transportes e comercio ltda - rctr-c - janeiro - 2025.pdf
2025-03-06 16:30:19 - fatura_bot - INFO - Arquivo salvo como: resumo de embarques - jfs transportes e comercio ltda - rctr-c - janeiro - 2025.pdf
2025-03-06 16:30:19 - fatura_bot - INFO - Baixando anexo: https://lrvseguros.com.br:2096/cpsess4094830059/3rdparty/roundcube/?_task=mail&_action=get&_mbox=INBOX&_uid=2410&_token=5Ap76NjsQilgyxDGTNdQ5wXnikfy2UZk&_part=3
2025-03-06 16:30:19 - fatura_bot - INFO - Baixando anexo: https://lrvseguros.com.br:2096/cpsess4094830059/3rdparty/roundcube/?_task=mail&_action=get&_mbox=INBOX&_uid=2410&_token=5Ap76NjsQilgyxDGTNdQ5wXnikfy2UZk&_part=3
2025-03-06 16:30:19 - fatura_bot - INFO - Baixando anexo: https://lrvseguros.com.br:2096/cpsess4094830059/3rdparty/roundcube/?_task=mail&_action=get&_mbox=INBOX&_uid=2410&_token=5Ap76NjsQilgyxDGTNdQ5wXnikfy2UZk&_part=3
2025-03-06 16:30:21 - fatura_bot - INFO - Arquivo salvo como: endosso de fatura e boleto - jfs transportes e comercio ltda - rctr-c - janeiro - 2025.pdf
2025-03-06 16:30:21 - fatura_bot - INFO - Arquivo salvo como: endosso de fatura e boleto - jfs transportes e comercio ltda - rctr-c - janeiro - 2025.pdf
2025-03-06 16:30:21 - fatura_bot - INFO - Arquivo salvo como: endosso de fatura e boleto - jfs transportes e comercio ltda - rctr-c - janeiro - 2025.pdf
2025-03-06 16:30:24 - fatura_bot - INFO - E-mails arquivados com sucesso
2025-03-06 16:30:24 - fatura_bot - INFO - E-mails arquivados com sucesso
2025-03-06 16:30:24 - fatura_bot - INFO - E-mails arquivados com sucesso
2025-03-06 16:30:28 - fatura_bot - INFO - Processando documento: endosso de fatura e boleto - jfs transportes e comercio ltda - rctr-c - janeiro - 2025.pdf
2025-03-06 16:30:28 - fatura_bot - INFO - Processando documento: endosso de fatura e boleto - jfs transportes e comercio ltda - rctr-c - janeiro - 2025.pdf
2025-03-06 16:30:28 - fatura_bot - INFO - Processando documento: endosso de fatura e boleto - jfs transportes e comercio ltda - rctr-c - janeiro - 2025.pdf
2025-03-06 16:30:50 - fatura_bot - INFO - Iniciando processo de automação
2025-03-06 16:30:50 - fatura_bot - INFO - Iniciando processo de automação
2025-03-06 16:30:50 - fatura_bot - INFO - Iniciando processo de automação
2025-03-06 16:36:56 - fatura_bot - INFO - Encontrados 1 e-mails não lidos
2025-03-06 16:36:56 - fatura_bot - INFO - Encontrados 1 e-mails não lidos
2025-03-06 16:36:56 - fatura_bot - INFO - Encontrados 1 e-mails não lidos
2025-03-06 16:36:59 - fatura_bot - INFO - Baixando anexo: https://lrvseguros.com.br:2096/cpsess0139060137/3rdparty/roundcube/?_task=mail&_action=get&_mbox=INBOX&_uid=2411&_token=cBHHHmuxZBi0AHiSIcE19XsdbhaOhhBU&_part=2
2025-03-06 16:36:59 - fatura_bot - INFO - Baixando anexo: https://lrvseguros.com.br:2096/cpsess0139060137/3rdparty/roundcube/?_task=mail&_action=get&_mbox=INBOX&_uid=2411&_token=cBHHHmuxZBi0AHiSIcE19XsdbhaOhhBU&_part=2
2025-03-06 16:36:59 - fatura_bot - INFO - Baixando anexo: https://lrvseguros.com.br:2096/cpsess0139060137/3rdparty/roundcube/?_task=mail&_action=get&_mbox=INBOX&_uid=2411&_token=cBHHHmuxZBi0AHiSIcE19XsdbhaOhhBU&_part=2
2025-03-06 16:37:00 - fatura_bot - INFO - Arquivo salvo como: resumo de embarques - jfs transportes e comercio ltda - rctr-c - janeiro - 2025.pdf
2025-03-06 16:37:00 - fatura_bot - INFO - Arquivo salvo como: resumo de embarques - jfs transportes e comercio ltda - rctr-c - janeiro - 2025.pdf
2025-03-06 16:37:00 - fatura_bot - INFO - Arquivo salvo como: resumo de embarques - jfs transportes e comercio ltda - rctr-c - janeiro - 2025.pdf
2025-03-06 16:37:00 - fatura_bot - INFO - Baixando anexo: https://lrvseguros.com.br:2096/cpsess0139060137/3rdparty/roundcube/?_task=mail&_action=get&_mbox=INBOX&_uid=2411&_token=cBHHHmuxZBi0AHiSIcE19XsdbhaOhhBU&_part=3
2025-03-06 16:37:00 - fatura_bot - INFO - Baixando anexo: https://lrvseguros.com.br:2096/cpsess0139060137/3rdparty/roundcube/?_task=mail&_action=get&_mbox=INBOX&_uid=2411&_token=cBHHHmuxZBi0AHiSIcE19XsdbhaOhhBU&_part=3
2025-03-06 16:37:00 - fatura_bot - INFO - Baixando anexo: https://lrvseguros.com.br:2096/cpsess0139060137/3rdparty/roundcube/?_task=mail&_action=get&_mbox=INBOX&_uid=2411&_token=cBHHHmuxZBi0AHiSIcE19XsdbhaOhhBU&_part=3
2025-03-06 16:37:02 - fatura_bot - INFO - Arquivo salvo como: endosso de fatura e boleto - jfs transportes e comercio ltda - rctr-c - janeiro - 2025.pdf
2025-03-06 16:37:02 - fatura_bot - INFO - Arquivo salvo como: endosso de fatura e boleto - jfs transportes e comercio ltda - rctr-c - janeiro - 2025.pdf
2025-03-06 16:37:02 - fatura_bot - INFO - Arquivo salvo como: endosso de fatura e boleto - jfs transportes e comercio ltda - rctr-c - janeiro - 2025.pdf
2025-03-06 16:37:05 - fatura_bot - INFO - E-mails arquivados com sucesso
2025-03-06 16:37:05 - fatura_bot - INFO - E-mails arquivados com sucesso
2025-03-06 16:37:05 - fatura_bot - INFO - E-mails arquivados com sucesso
2025-03-06 16:37:07 - fatura_bot - INFO - Processando documento: endosso de fatura e boleto - jfs transportes e comercio ltda - rctr-c - janeiro - 2025.pdf
2025-03-06 16:37:07 - fatura_bot - INFO - Processando documento: endosso de fatura e boleto - jfs transportes e comercio ltda - rctr-c - janeiro - 2025.pdf
2025-03-06 16:37:07 - fatura_bot - INFO - Processando documento: endosso de fatura e boleto - jfs transportes e comercio ltda - rctr-c - janeiro - 2025.pdf
2025-03-06 16:37:35 - fatura_bot - INFO - Iniciando processo de automação
2025-03-06 16:37:35 - fatura_bot - INFO - Iniciando processo de automação
2025-03-06 16:37:35 - fatura_bot - INFO - Iniciando processo de automação
2025-03-06 16:39:38 - fatura_bot - INFO - Encontrados 1 e-mails não lidos
2025-03-06 16:39:38 - fatura_bot - INFO - Encontrados 1 e-mails não lidos
2025-03-06 16:39:38 - fatura_bot - INFO - Encontrados 1 e-mails não lidos
2025-03-06 16:39:40 - fatura_bot - INFO - Baixando anexo: https://lrvseguros.com.br:2096/cpsess3747634126/3rdparty/roundcube/?_task=mail&_action=get&_mbox=INBOX&_uid=2412&_token=8qLsvw37i6QO0Kf27QCsXqzlfCQtXnct&_part=2
2025-03-06 16:39:40 - fatura_bot - INFO - Baixando anexo: https://lrvseguros.com.br:2096/cpsess3747634126/3rdparty/roundcube/?_task=mail&_action=get&_mbox=INBOX&_uid=2412&_token=8qLsvw37i6QO0Kf27QCsXqzlfCQtXnct&_part=2
2025-03-06 16:39:40 - fatura_bot - INFO - Baixando anexo: https://lrvseguros.com.br:2096/cpsess3747634126/3rdparty/roundcube/?_task=mail&_action=get&_mbox=INBOX&_uid=2412&_token=8qLsvw37i6QO0Kf27QCsXqzlfCQtXnct&_part=2
2025-03-06 16:39:41 - fatura_bot - INFO - Arquivo salvo como: resumo de embarques - jfs transportes e comercio ltda - rctr-c - janeiro - 2025.pdf
2025-03-06 16:39:41 - fatura_bot - INFO - Arquivo salvo como: resumo de embarques - jfs transportes e comercio ltda - rctr-c - janeiro - 2025.pdf
2025-03-06 16:39:41 - fatura_bot - INFO - Arquivo salvo como: resumo de embarques - jfs transportes e comercio ltda - rctr-c - janeiro - 2025.pdf
2025-03-06 16:39:41 - fatura_bot - INFO - Baixando anexo: https://lrvseguros.com.br:2096/cpsess3747634126/3rdparty/roundcube/?_task=mail&_action=get&_mbox=INBOX&_uid=2412&_token=8qLsvw37i6QO0Kf27QCsXqzlfCQtXnct&_part=3
2025-03-06 16:39:41 - fatura_bot - INFO - Baixando anexo: https://lrvseguros.com.br:2096/cpsess3747634126/3rdparty/roundcube/?_task=mail&_action=get&_mbox=INBOX&_uid=2412&_token=8qLsvw37i6QO0Kf27QCsXqzlfCQtXnct&_part=3
2025-03-06 16:39:41 - fatura_bot - INFO - Baixando anexo: https://lrvseguros.com.br:2096/cpsess3747634126/3rdparty/roundcube/?_task=mail&_action=get&_mbox=INBOX&_uid=2412&_token=8qLsvw37i6QO0Kf27QCsXqzlfCQtXnct&_part=3
2025-03-06 16:39:44 - fatura_bot - INFO - Arquivo salvo como: endosso de fatura e boleto - jfs transportes e comercio ltda - rctr-c - janeiro - 2025.pdf
2025-03-06 16:39:44 - fatura_bot - INFO - Arquivo salvo como: endosso de fatura e boleto - jfs transportes e comercio ltda - rctr-c - janeiro - 2025.pdf
2025-03-06 16:39:44 - fatura_bot - INFO - Arquivo salvo como: endosso de fatura e boleto - jfs transportes e comercio ltda - rctr-c - janeiro - 2025.pdf
2025-03-06 16:39:47 - fatura_bot - INFO - E-mails arquivados com sucesso
2025-03-06 16:39:47 - fatura_bot - INFO - E-mails arquivados com sucesso
2025-03-06 16:39:47 - fatura_bot - INFO - E-mails arquivados com sucesso
2025-03-06 16:39:49 - fatura_bot - INFO - Processando documento: endosso de fatura e boleto - jfs transportes e comercio ltda - rctr-c - janeiro - 2025.pdf
2025-03-06 16:39:49 - fatura_bot - INFO - Processando documento: endosso de fatura e boleto - jfs transportes e comercio ltda - rctr-c - janeiro - 2025.pdf
2025-03-06 16:39:49 - fatura_bot - INFO - Processando documento: endosso de fatura e boleto - jfs transportes e comercio ltda - rctr-c - janeiro - 2025.pdf
2025-03-06 16:39:49 - fatura_bot - ERROR - Erro ao processar documento Chubb: cannot access local variable 'linha_endosso' where it is not associated with a value
Traceback (most recent call last):
  File "c:\Users\ESTAGIARIO\Desktop\bots\Bot-Faturas\cadastro_fatura2.py", line 191, in <module>
    dados = chubb(texto)
  File "c:\Users\ESTAGIARIO\Desktop\bots\Bot-Faturas\src\company\chubb.py", line 25, in chubb
    linha_ramo = linha_endosso.strip()
                 ^^^^^^^^^^^^^
UnboundLocalError: cannot access local variable 'linha_endosso' where it is not associated with a value
2025-03-06 16:39:49 - fatura_bot - ERROR - Erro ao processar documento Chubb: cannot access local variable 'linha_endosso' where it is not associated with a value
Traceback (most recent call last):
  File "c:\Users\ESTAGIARIO\Desktop\bots\Bot-Faturas\cadastro_fatura2.py", line 191, in <module>
    dados = chubb(texto)
  File "c:\Users\ESTAGIARIO\Desktop\bots\Bot-Faturas\src\company\chubb.py", line 25, in chubb
    linha_ramo = linha_endosso.strip()
                 ^^^^^^^^^^^^^
UnboundLocalError: cannot access local variable 'linha_endosso' where it is not associated with a value
2025-03-06 16:39:49 - fatura_bot - ERROR - Erro ao processar documento Chubb: cannot access local variable 'linha_endosso' where it is not associated with a value
Traceback (most recent call last):
  File "c:\Users\ESTAGIARIO\Desktop\bots\Bot-Faturas\cadastro_fatura2.py", line 191, in <module>
    dados = chubb(texto)
  File "c:\Users\ESTAGIARIO\Desktop\bots\Bot-Faturas\src\company\chubb.py", line 25, in chubb
    linha_ramo = linha_endosso.strip()
                 ^^^^^^^^^^^^^
UnboundLocalError: cannot access local variable 'linha_endosso' where it is not associated with a value
2025-03-06 16:39:49 - fatura_bot - INFO - Processamento concluído
2025-03-06 16:39:49 - fatura_bot - INFO - Processamento concluído
2025-03-06 16:39:49 - fatura_bot - INFO - Processamento concluído
2025-03-06 16:42:52 - fatura_bot - INFO - Encontrados 1 e-mails não lidos
2025-03-06 16:42:52 - fatura_bot - INFO - Encontrados 1 e-mails não lidos
2025-03-06 16:42:52 - fatura_bot - INFO - Encontrados 1 e-mails não lidos
2025-03-06 16:43:00 - fatura_bot - INFO - Baixando anexo: https://lrvseguros.com.br:2096/cpsess6654880177/3rdparty/roundcube/?_task=mail&_action=get&_mbox=INBOX&_uid=2413&_token=hA4IGHgEfGAeIiO5qKzeHF5veFsUYaCN&_part=2
2025-03-06 16:43:00 - fatura_bot - INFO - Baixando anexo: https://lrvseguros.com.br:2096/cpsess6654880177/3rdparty/roundcube/?_task=mail&_action=get&_mbox=INBOX&_uid=2413&_token=hA4IGHgEfGAeIiO5qKzeHF5veFsUYaCN&_part=2
2025-03-06 16:43:00 - fatura_bot - INFO - Baixando anexo: https://lrvseguros.com.br:2096/cpsess6654880177/3rdparty/roundcube/?_task=mail&_action=get&_mbox=INBOX&_uid=2413&_token=hA4IGHgEfGAeIiO5qKzeHF5veFsUYaCN&_part=2
2025-03-06 16:43:03 - fatura_bot - INFO - Arquivo salvo como: resumo de embarques - jfs transportes e comercio ltda - rctr-c - janeiro - 2025.pdf
2025-03-06 16:43:03 - fatura_bot - INFO - Arquivo salvo como: resumo de embarques - jfs transportes e comercio ltda - rctr-c - janeiro - 2025.pdf
2025-03-06 16:43:03 - fatura_bot - INFO - Arquivo salvo como: resumo de embarques - jfs transportes e comercio ltda - rctr-c - janeiro - 2025.pdf
2025-03-06 16:43:03 - fatura_bot - INFO - Baixando anexo: https://lrvseguros.com.br:2096/cpsess6654880177/3rdparty/roundcube/?_task=mail&_action=get&_mbox=INBOX&_uid=2413&_token=hA4IGHgEfGAeIiO5qKzeHF5veFsUYaCN&_part=3
2025-03-06 16:43:03 - fatura_bot - INFO - Baixando anexo: https://lrvseguros.com.br:2096/cpsess6654880177/3rdparty/roundcube/?_task=mail&_action=get&_mbox=INBOX&_uid=2413&_token=hA4IGHgEfGAeIiO5qKzeHF5veFsUYaCN&_part=3
2025-03-06 16:43:03 - fatura_bot - INFO - Baixando anexo: https://lrvseguros.com.br:2096/cpsess6654880177/3rdparty/roundcube/?_task=mail&_action=get&_mbox=INBOX&_uid=2413&_token=hA4IGHgEfGAeIiO5qKzeHF5veFsUYaCN&_part=3
2025-03-06 16:43:11 - fatura_bot - INFO - Arquivo salvo como: endosso de fatura e boleto - jfs transportes e comercio ltda - rctr-c - janeiro - 2025.pdf
2025-03-06 16:43:11 - fatura_bot - INFO - Arquivo salvo como: endosso de fatura e boleto - jfs transportes e comercio ltda - rctr-c - janeiro - 2025.pdf
2025-03-06 16:43:11 - fatura_bot - INFO - Arquivo salvo como: endosso de fatura e boleto - jfs transportes e comercio ltda - rctr-c - janeiro - 2025.pdf
2025-03-06 16:43:14 - fatura_bot - INFO - E-mails arquivados com sucesso
2025-03-06 16:43:14 - fatura_bot - INFO - E-mails arquivados com sucesso
2025-03-06 16:43:14 - fatura_bot - INFO - E-mails arquivados com sucesso
2025-03-06 16:43:16 - fatura_bot - INFO - Processando documento: endosso de fatura e boleto - jfs transportes e comercio ltda - rctr-c - janeiro - 2025.pdf
2025-03-06 16:43:16 - fatura_bot - INFO - Processando documento: endosso de fatura e boleto - jfs transportes e comercio ltda - rctr-c - janeiro - 2025.pdf
2025-03-06 16:43:16 - fatura_bot - INFO - Processando documento: endosso de fatura e boleto - jfs transportes e comercio ltda - rctr-c - janeiro - 2025.pdf
2025-03-06 16:43:51 - fatura_bot - INFO - Iniciando processo de automação
2025-03-06 16:43:51 - fatura_bot - INFO - Iniciando processo de automação
2025-03-06 16:43:51 - fatura_bot - INFO - Iniciando processo de automação
2025-03-06 16:49:14 - fatura_bot - INFO - Encontrados 1 e-mails não lidos
2025-03-06 16:49:14 - fatura_bot - INFO - Encontrados 1 e-mails não lidos
2025-03-06 16:49:14 - fatura_bot - INFO - Encontrados 1 e-mails não lidos
2025-03-06 16:49:18 - fatura_bot - INFO - Baixando anexo: https://lrvseguros.com.br:2096/cpsess7693688540/3rdparty/roundcube/?_task=mail&_action=get&_mbox=INBOX&_uid=2414&_token=oi94yDegE11KKL6cWGSuFGKVA9tRuc88&_part=2
2025-03-06 16:49:18 - fatura_bot - INFO - Baixando anexo: https://lrvseguros.com.br:2096/cpsess7693688540/3rdparty/roundcube/?_task=mail&_action=get&_mbox=INBOX&_uid=2414&_token=oi94yDegE11KKL6cWGSuFGKVA9tRuc88&_part=2
2025-03-06 16:49:18 - fatura_bot - INFO - Baixando anexo: https://lrvseguros.com.br:2096/cpsess7693688540/3rdparty/roundcube/?_task=mail&_action=get&_mbox=INBOX&_uid=2414&_token=oi94yDegE11KKL6cWGSuFGKVA9tRuc88&_part=2
2025-03-06 16:49:20 - fatura_bot - INFO - Arquivo salvo como: resumo de embarques - jfs transportes e comercio ltda - rctr-c - janeiro - 2025.pdf
2025-03-06 16:49:20 - fatura_bot - INFO - Arquivo salvo como: resumo de embarques - jfs transportes e comercio ltda - rctr-c - janeiro - 2025.pdf
2025-03-06 16:49:20 - fatura_bot - INFO - Arquivo salvo como: resumo de embarques - jfs transportes e comercio ltda - rctr-c - janeiro - 2025.pdf
2025-03-06 16:49:20 - fatura_bot - INFO - Baixando anexo: https://lrvseguros.com.br:2096/cpsess7693688540/3rdparty/roundcube/?_task=mail&_action=get&_mbox=INBOX&_uid=2414&_token=oi94yDegE11KKL6cWGSuFGKVA9tRuc88&_part=3
2025-03-06 16:49:20 - fatura_bot - INFO - Baixando anexo: https://lrvseguros.com.br:2096/cpsess7693688540/3rdparty/roundcube/?_task=mail&_action=get&_mbox=INBOX&_uid=2414&_token=oi94yDegE11KKL6cWGSuFGKVA9tRuc88&_part=3
2025-03-06 16:49:20 - fatura_bot - INFO - Baixando anexo: https://lrvseguros.com.br:2096/cpsess7693688540/3rdparty/roundcube/?_task=mail&_action=get&_mbox=INBOX&_uid=2414&_token=oi94yDegE11KKL6cWGSuFGKVA9tRuc88&_part=3
2025-03-06 16:49:22 - fatura_bot - INFO - Arquivo salvo como: endosso de fatura e boleto - jfs transportes e comercio ltda - rctr-c - janeiro - 2025.pdf
2025-03-06 16:49:22 - fatura_bot - INFO - Arquivo salvo como: endosso de fatura e boleto - jfs transportes e comercio ltda - rctr-c - janeiro - 2025.pdf
2025-03-06 16:49:22 - fatura_bot - INFO - Arquivo salvo como: endosso de fatura e boleto - jfs transportes e comercio ltda - rctr-c - janeiro - 2025.pdf
2025-03-06 16:49:26 - fatura_bot - INFO - E-mails arquivados com sucesso
2025-03-06 16:49:26 - fatura_bot - INFO - E-mails arquivados com sucesso
2025-03-06 16:49:26 - fatura_bot - INFO - E-mails arquivados com sucesso
2025-03-06 16:49:29 - fatura_bot - INFO - Processando documento: endosso de fatura e boleto - jfs transportes e comercio ltda - rctr-c - janeiro - 2025.pdf
2025-03-06 16:49:29 - fatura_bot - INFO - Processando documento: endosso de fatura e boleto - jfs transportes e comercio ltda - rctr-c - janeiro - 2025.pdf
2025-03-06 16:49:29 - fatura_bot - INFO - Processando documento: endosso de fatura e boleto - jfs transportes e comercio ltda - rctr-c - janeiro - 2025.pdf
2025-03-06 16:49:29 - fatura_bot - ERROR - Erro ao processar documento Chubb: cannot access local variable 'vencimento' where it is not associated with a value
Traceback (most recent call last):
  File "c:\Users\ESTAGIARIO\Desktop\bots\Bot-Faturas\cadastro_fatura2.py", line 191, in <module>
    dados = chubb(texto)
  File "c:\Users\ESTAGIARIO\Desktop\bots\Bot-Faturas\src\company\chubb.py", line 79, in chubb
    dados.append(vencimento)
                 ^^^^^^^^^^
UnboundLocalError: cannot access local variable 'vencimento' where it is not associated with a value
2025-03-06 16:49:29 - fatura_bot - ERROR - Erro ao processar documento Chubb: cannot access local variable 'vencimento' where it is not associated with a value
Traceback (most recent call last):
  File "c:\Users\ESTAGIARIO\Desktop\bots\Bot-Faturas\cadastro_fatura2.py", line 191, in <module>
    dados = chubb(texto)
  File "c:\Users\ESTAGIARIO\Desktop\bots\Bot-Faturas\src\company\chubb.py", line 79, in chubb
    dados.append(vencimento)
                 ^^^^^^^^^^
UnboundLocalError: cannot access local variable 'vencimento' where it is not associated with a value
2025-03-06 16:49:29 - fatura_bot - ERROR - Erro ao processar documento Chubb: cannot access local variable 'vencimento' where it is not associated with a value
Traceback (most recent call last):
  File "c:\Users\ESTAGIARIO\Desktop\bots\Bot-Faturas\cadastro_fatura2.py", line 191, in <module>
    dados = chubb(texto)
  File "c:\Users\ESTAGIARIO\Desktop\bots\Bot-Faturas\src\company\chubb.py", line 79, in chubb
    dados.append(vencimento)
                 ^^^^^^^^^^
UnboundLocalError: cannot access local variable 'vencimento' where it is not associated with a value
2025-03-06 16:49:29 - fatura_bot - INFO - Processamento concluído
2025-03-06 16:49:29 - fatura_bot - INFO - Processamento concluído
2025-03-06 16:49:29 - fatura_bot - INFO - Processamento concluído
2025-03-06 16:51:02 - fatura_bot - INFO - Encontrados 1 e-mails não lidos
2025-03-06 16:51:02 - fatura_bot - INFO - Encontrados 1 e-mails não lidos
2025-03-06 16:51:02 - fatura_bot - INFO - Encontrados 1 e-mails não lidos
2025-03-06 16:51:05 - fatura_bot - INFO - Baixando anexo: https://lrvseguros.com.br:2096/cpsess2370398917/3rdparty/roundcube/?_task=mail&_action=get&_mbox=INBOX&_uid=2415&_token=aqKmXkF1ETFs5VVBBtSOXUvOGVxUYVXG&_part=2
2025-03-06 16:51:05 - fatura_bot - INFO - Baixando anexo: https://lrvseguros.com.br:2096/cpsess2370398917/3rdparty/roundcube/?_task=mail&_action=get&_mbox=INBOX&_uid=2415&_token=aqKmXkF1ETFs5VVBBtSOXUvOGVxUYVXG&_part=2
2025-03-06 16:51:05 - fatura_bot - INFO - Baixando anexo: https://lrvseguros.com.br:2096/cpsess2370398917/3rdparty/roundcube/?_task=mail&_action=get&_mbox=INBOX&_uid=2415&_token=aqKmXkF1ETFs5VVBBtSOXUvOGVxUYVXG&_part=2
2025-03-06 16:51:07 - fatura_bot - INFO - Arquivo salvo como: resumo de embarques - jfs transportes e comercio ltda - rctr-c - janeiro - 2025.pdf
2025-03-06 16:51:07 - fatura_bot - INFO - Arquivo salvo como: resumo de embarques - jfs transportes e comercio ltda - rctr-c - janeiro - 2025.pdf
2025-03-06 16:51:07 - fatura_bot - INFO - Arquivo salvo como: resumo de embarques - jfs transportes e comercio ltda - rctr-c - janeiro - 2025.pdf
2025-03-06 16:51:07 - fatura_bot - INFO - Baixando anexo: https://lrvseguros.com.br:2096/cpsess2370398917/3rdparty/roundcube/?_task=mail&_action=get&_mbox=INBOX&_uid=2415&_token=aqKmXkF1ETFs5VVBBtSOXUvOGVxUYVXG&_part=3
2025-03-06 16:51:07 - fatura_bot - INFO - Baixando anexo: https://lrvseguros.com.br:2096/cpsess2370398917/3rdparty/roundcube/?_task=mail&_action=get&_mbox=INBOX&_uid=2415&_token=aqKmXkF1ETFs5VVBBtSOXUvOGVxUYVXG&_part=3
2025-03-06 16:51:07 - fatura_bot - INFO - Baixando anexo: https://lrvseguros.com.br:2096/cpsess2370398917/3rdparty/roundcube/?_task=mail&_action=get&_mbox=INBOX&_uid=2415&_token=aqKmXkF1ETFs5VVBBtSOXUvOGVxUYVXG&_part=3
2025-03-06 16:51:09 - fatura_bot - INFO - Arquivo salvo como: endosso de fatura e boleto - jfs transportes e comercio ltda - rctr-c - janeiro - 2025.pdf
2025-03-06 16:51:09 - fatura_bot - INFO - Arquivo salvo como: endosso de fatura e boleto - jfs transportes e comercio ltda - rctr-c - janeiro - 2025.pdf
2025-03-06 16:51:09 - fatura_bot - INFO - Arquivo salvo como: endosso de fatura e boleto - jfs transportes e comercio ltda - rctr-c - janeiro - 2025.pdf
2025-03-06 16:51:12 - fatura_bot - INFO - E-mails arquivados com sucesso
2025-03-06 16:51:12 - fatura_bot - INFO - E-mails arquivados com sucesso
2025-03-06 16:51:12 - fatura_bot - INFO - E-mails arquivados com sucesso
2025-03-06 16:51:16 - fatura_bot - INFO - Processando documento: endosso de fatura e boleto - jfs transportes e comercio ltda - rctr-c - janeiro - 2025.pdf
2025-03-06 16:51:16 - fatura_bot - INFO - Processando documento: endosso de fatura e boleto - jfs transportes e comercio ltda - rctr-c - janeiro - 2025.pdf
2025-03-06 16:51:16 - fatura_bot - INFO - Processando documento: endosso de fatura e boleto - jfs transportes e comercio ltda - rctr-c - janeiro - 2025.pdf
2025-03-06 16:51:49 - fatura_bot - INFO - Iniciando processo de automação
2025-03-06 16:51:49 - fatura_bot - INFO - Iniciando processo de automação
2025-03-06 16:51:49 - fatura_bot - INFO - Iniciando processo de automação
2025-03-06 16:53:00 - fatura_bot - INFO - Encontrados 1 e-mails não lidos
2025-03-06 16:53:00 - fatura_bot - INFO - Encontrados 1 e-mails não lidos
2025-03-06 16:53:00 - fatura_bot - INFO - Encontrados 1 e-mails não lidos
2025-03-06 16:53:03 - fatura_bot - INFO - Baixando anexo: https://lrvseguros.com.br:2096/cpsess0719735443/3rdparty/roundcube/?_task=mail&_action=get&_mbox=INBOX&_uid=2416&_token=0jP0mamZWoynujayGGNwJsFL8DYkKF5b&_part=2
2025-03-06 16:53:03 - fatura_bot - INFO - Baixando anexo: https://lrvseguros.com.br:2096/cpsess0719735443/3rdparty/roundcube/?_task=mail&_action=get&_mbox=INBOX&_uid=2416&_token=0jP0mamZWoynujayGGNwJsFL8DYkKF5b&_part=2
2025-03-06 16:53:03 - fatura_bot - INFO - Baixando anexo: https://lrvseguros.com.br:2096/cpsess0719735443/3rdparty/roundcube/?_task=mail&_action=get&_mbox=INBOX&_uid=2416&_token=0jP0mamZWoynujayGGNwJsFL8DYkKF5b&_part=2
2025-03-06 16:53:04 - fatura_bot - INFO - Arquivo salvo como: resumo de embarques - jfs transportes e comercio ltda - rctr-c - janeiro - 2025.pdf
2025-03-06 16:53:04 - fatura_bot - INFO - Arquivo salvo como: resumo de embarques - jfs transportes e comercio ltda - rctr-c - janeiro - 2025.pdf
2025-03-06 16:53:04 - fatura_bot - INFO - Arquivo salvo como: resumo de embarques - jfs transportes e comercio ltda - rctr-c - janeiro - 2025.pdf
2025-03-06 16:53:04 - fatura_bot - INFO - Baixando anexo: https://lrvseguros.com.br:2096/cpsess0719735443/3rdparty/roundcube/?_task=mail&_action=get&_mbox=INBOX&_uid=2416&_token=0jP0mamZWoynujayGGNwJsFL8DYkKF5b&_part=3
2025-03-06 16:53:04 - fatura_bot - INFO - Baixando anexo: https://lrvseguros.com.br:2096/cpsess0719735443/3rdparty/roundcube/?_task=mail&_action=get&_mbox=INBOX&_uid=2416&_token=0jP0mamZWoynujayGGNwJsFL8DYkKF5b&_part=3
2025-03-06 16:53:04 - fatura_bot - INFO - Baixando anexo: https://lrvseguros.com.br:2096/cpsess0719735443/3rdparty/roundcube/?_task=mail&_action=get&_mbox=INBOX&_uid=2416&_token=0jP0mamZWoynujayGGNwJsFL8DYkKF5b&_part=3
2025-03-06 16:53:06 - fatura_bot - INFO - Arquivo salvo como: endosso de fatura e boleto - jfs transportes e comercio ltda - rctr-c - janeiro - 2025.pdf
2025-03-06 16:53:06 - fatura_bot - INFO - Arquivo salvo como: endosso de fatura e boleto - jfs transportes e comercio ltda - rctr-c - janeiro - 2025.pdf
2025-03-06 16:53:06 - fatura_bot - INFO - Arquivo salvo como: endosso de fatura e boleto - jfs transportes e comercio ltda - rctr-c - janeiro - 2025.pdf
2025-03-06 16:53:09 - fatura_bot - INFO - E-mails arquivados com sucesso
2025-03-06 16:53:09 - fatura_bot - INFO - E-mails arquivados com sucesso
2025-03-06 16:53:09 - fatura_bot - INFO - E-mails arquivados com sucesso
2025-03-06 16:53:12 - fatura_bot - INFO - Processando documento: endosso de fatura e boleto - jfs transportes e comercio ltda - rctr-c - janeiro - 2025.pdf
2025-03-06 16:53:12 - fatura_bot - INFO - Processando documento: endosso de fatura e boleto - jfs transportes e comercio ltda - rctr-c - janeiro - 2025.pdf
2025-03-06 16:53:12 - fatura_bot - INFO - Processando documento: endosso de fatura e boleto - jfs transportes e comercio ltda - rctr-c - janeiro - 2025.pdf
2025-03-06 16:53:31 - fatura_bot - INFO - Iniciando processo de automação
2025-03-06 16:53:31 - fatura_bot - INFO - Iniciando processo de automação
2025-03-06 16:53:31 - fatura_bot - INFO - Iniciando processo de automação
2025-03-06 16:57:23 - fatura_bot - INFO - Encontrados 1 e-mails não lidos
2025-03-06 16:57:23 - fatura_bot - INFO - Encontrados 1 e-mails não lidos
2025-03-06 16:57:23 - fatura_bot - INFO - Encontrados 1 e-mails não lidos
2025-03-06 16:57:26 - fatura_bot - INFO - Baixando anexo: https://lrvseguros.com.br:2096/cpsess4856163059/3rdparty/roundcube/?_task=mail&_action=get&_mbox=INBOX&_uid=2417&_token=H8u5WLSW9GYbcymn90iNabUDrC7MG10Q&_part=2
2025-03-06 16:57:26 - fatura_bot - INFO - Baixando anexo: https://lrvseguros.com.br:2096/cpsess4856163059/3rdparty/roundcube/?_task=mail&_action=get&_mbox=INBOX&_uid=2417&_token=H8u5WLSW9GYbcymn90iNabUDrC7MG10Q&_part=2
2025-03-06 16:57:26 - fatura_bot - INFO - Baixando anexo: https://lrvseguros.com.br:2096/cpsess4856163059/3rdparty/roundcube/?_task=mail&_action=get&_mbox=INBOX&_uid=2417&_token=H8u5WLSW9GYbcymn90iNabUDrC7MG10Q&_part=2
2025-03-06 16:57:27 - fatura_bot - INFO - Arquivo salvo como: resumo de embarques - jfs transportes e comercio ltda - rctr-c - janeiro - 2025.pdf
2025-03-06 16:57:27 - fatura_bot - INFO - Arquivo salvo como: resumo de embarques - jfs transportes e comercio ltda - rctr-c - janeiro - 2025.pdf
2025-03-06 16:57:27 - fatura_bot - INFO - Arquivo salvo como: resumo de embarques - jfs transportes e comercio ltda - rctr-c - janeiro - 2025.pdf
2025-03-06 16:57:27 - fatura_bot - INFO - Baixando anexo: https://lrvseguros.com.br:2096/cpsess4856163059/3rdparty/roundcube/?_task=mail&_action=get&_mbox=INBOX&_uid=2417&_token=H8u5WLSW9GYbcymn90iNabUDrC7MG10Q&_part=3
2025-03-06 16:57:27 - fatura_bot - INFO - Baixando anexo: https://lrvseguros.com.br:2096/cpsess4856163059/3rdparty/roundcube/?_task=mail&_action=get&_mbox=INBOX&_uid=2417&_token=H8u5WLSW9GYbcymn90iNabUDrC7MG10Q&_part=3
2025-03-06 16:57:27 - fatura_bot - INFO - Baixando anexo: https://lrvseguros.com.br:2096/cpsess4856163059/3rdparty/roundcube/?_task=mail&_action=get&_mbox=INBOX&_uid=2417&_token=H8u5WLSW9GYbcymn90iNabUDrC7MG10Q&_part=3
2025-03-06 16:57:29 - fatura_bot - INFO - Arquivo salvo como: endosso de fatura e boleto - jfs transportes e comercio ltda - rctr-c - janeiro - 2025.pdf
2025-03-06 16:57:29 - fatura_bot - INFO - Arquivo salvo como: endosso de fatura e boleto - jfs transportes e comercio ltda - rctr-c - janeiro - 2025.pdf
2025-03-06 16:57:29 - fatura_bot - INFO - Arquivo salvo como: endosso de fatura e boleto - jfs transportes e comercio ltda - rctr-c - janeiro - 2025.pdf
2025-03-06 16:57:32 - fatura_bot - INFO - E-mails arquivados com sucesso
2025-03-06 16:57:32 - fatura_bot - INFO - E-mails arquivados com sucesso
2025-03-06 16:57:32 - fatura_bot - INFO - E-mails arquivados com sucesso
2025-03-06 16:57:34 - fatura_bot - INFO - Processando documento: endosso de fatura e boleto - jfs transportes e comercio ltda - rctr-c - janeiro - 2025.pdf
2025-03-06 16:57:34 - fatura_bot - INFO - Processando documento: endosso de fatura e boleto - jfs transportes e comercio ltda - rctr-c - janeiro - 2025.pdf
2025-03-06 16:57:34 - fatura_bot - INFO - Processando documento: endosso de fatura e boleto - jfs transportes e comercio ltda - rctr-c - janeiro - 2025.pdf
2025-03-06 17:02:31 - fatura_bot - INFO - Encontrados 1 e-mails não lidos
2025-03-06 17:02:31 - fatura_bot - INFO - Encontrados 1 e-mails não lidos
2025-03-06 17:02:31 - fatura_bot - INFO - Encontrados 1 e-mails não lidos
2025-03-06 17:03:32 - fatura_bot - INFO - Encontrados 1 e-mails não lidos
2025-03-06 17:03:32 - fatura_bot - INFO - Encontrados 1 e-mails não lidos
2025-03-06 17:03:32 - fatura_bot - INFO - Encontrados 1 e-mails não lidos
2025-03-06 17:03:34 - fatura_bot - INFO - Baixando anexo: https://lrvseguros.com.br:2096/cpsess8816766649/3rdparty/roundcube/?_task=mail&_action=get&_mbox=INBOX&_uid=2418&_token=RV4dFpALWH9WX1eXCi3ZWmiLEnJb4Z0A&_part=2
2025-03-06 17:03:34 - fatura_bot - INFO - Baixando anexo: https://lrvseguros.com.br:2096/cpsess8816766649/3rdparty/roundcube/?_task=mail&_action=get&_mbox=INBOX&_uid=2418&_token=RV4dFpALWH9WX1eXCi3ZWmiLEnJb4Z0A&_part=2
2025-03-06 17:03:34 - fatura_bot - INFO - Baixando anexo: https://lrvseguros.com.br:2096/cpsess8816766649/3rdparty/roundcube/?_task=mail&_action=get&_mbox=INBOX&_uid=2418&_token=RV4dFpALWH9WX1eXCi3ZWmiLEnJb4Z0A&_part=2
2025-03-06 17:03:36 - fatura_bot - INFO - Arquivo salvo como: resumo de embarques - jfs transportes e comercio ltda - rctr-c - janeiro - 2025.pdf
2025-03-06 17:03:36 - fatura_bot - INFO - Arquivo salvo como: resumo de embarques - jfs transportes e comercio ltda - rctr-c - janeiro - 2025.pdf
2025-03-06 17:03:36 - fatura_bot - INFO - Arquivo salvo como: resumo de embarques - jfs transportes e comercio ltda - rctr-c - janeiro - 2025.pdf
2025-03-06 17:03:36 - fatura_bot - INFO - Baixando anexo: https://lrvseguros.com.br:2096/cpsess8816766649/3rdparty/roundcube/?_task=mail&_action=get&_mbox=INBOX&_uid=2418&_token=RV4dFpALWH9WX1eXCi3ZWmiLEnJb4Z0A&_part=3
2025-03-06 17:03:36 - fatura_bot - INFO - Baixando anexo: https://lrvseguros.com.br:2096/cpsess8816766649/3rdparty/roundcube/?_task=mail&_action=get&_mbox=INBOX&_uid=2418&_token=RV4dFpALWH9WX1eXCi3ZWmiLEnJb4Z0A&_part=3
2025-03-06 17:03:36 - fatura_bot - INFO - Baixando anexo: https://lrvseguros.com.br:2096/cpsess8816766649/3rdparty/roundcube/?_task=mail&_action=get&_mbox=INBOX&_uid=2418&_token=RV4dFpALWH9WX1eXCi3ZWmiLEnJb4Z0A&_part=3
2025-03-06 17:03:37 - fatura_bot - INFO - Arquivo salvo como: endosso de fatura e boleto - jfs transportes e comercio ltda - rctr-c - janeiro - 2025.pdf
2025-03-06 17:03:37 - fatura_bot - INFO - Arquivo salvo como: endosso de fatura e boleto - jfs transportes e comercio ltda - rctr-c - janeiro - 2025.pdf
2025-03-06 17:03:37 - fatura_bot - INFO - Arquivo salvo como: endosso de fatura e boleto - jfs transportes e comercio ltda - rctr-c - janeiro - 2025.pdf
2025-03-06 17:03:41 - fatura_bot - INFO - E-mails arquivados com sucesso
2025-03-06 17:03:41 - fatura_bot - INFO - E-mails arquivados com sucesso
2025-03-06 17:03:41 - fatura_bot - INFO - E-mails arquivados com sucesso
2025-03-06 17:03:43 - fatura_bot - INFO - Processando documento: endosso de fatura e boleto - jfs transportes e comercio ltda - rctr-c - janeiro - 2025.pdf
2025-03-06 17:03:43 - fatura_bot - INFO - Processando documento: endosso de fatura e boleto - jfs transportes e comercio ltda - rctr-c - janeiro - 2025.pdf
2025-03-06 17:03:43 - fatura_bot - INFO - Processando documento: endosso de fatura e boleto - jfs transportes e comercio ltda - rctr-c - janeiro - 2025.pdf
2025-03-06 17:04:01 - fatura_bot - INFO - Iniciando processo de automação
2025-03-06 17:04:01 - fatura_bot - INFO - Iniciando processo de automação
2025-03-06 17:04:01 - fatura_bot - INFO - Iniciando processo de automação
2025-03-06 17:49:38 - fatura_bot - INFO - Encontrados 1 e-mails não lidos
2025-03-06 17:49:38 - fatura_bot - INFO - Encontrados 1 e-mails não lidos
2025-03-06 17:49:38 - fatura_bot - INFO - Encontrados 1 e-mails não lidos
2025-03-06 17:49:41 - fatura_bot - INFO - Baixando anexo: https://lrvseguros.com.br:2096/cpsess9518922408/3rdparty/roundcube/?_task=mail&_action=get&_mbox=INBOX&_uid=2419&_token=og9qviRdaXyN1BXabE0EjM8Oi0aLJHq6&_part=2
2025-03-06 17:49:41 - fatura_bot - INFO - Baixando anexo: https://lrvseguros.com.br:2096/cpsess9518922408/3rdparty/roundcube/?_task=mail&_action=get&_mbox=INBOX&_uid=2419&_token=og9qviRdaXyN1BXabE0EjM8Oi0aLJHq6&_part=2
2025-03-06 17:49:41 - fatura_bot - INFO - Baixando anexo: https://lrvseguros.com.br:2096/cpsess9518922408/3rdparty/roundcube/?_task=mail&_action=get&_mbox=INBOX&_uid=2419&_token=og9qviRdaXyN1BXabE0EjM8Oi0aLJHq6&_part=2
2025-03-06 17:49:42 - fatura_bot - INFO - Arquivo salvo como: resumo de embarques - jfs transportes e comercio ltda - rctr-c - janeiro - 2025.pdf
2025-03-06 17:49:42 - fatura_bot - INFO - Arquivo salvo como: resumo de embarques - jfs transportes e comercio ltda - rctr-c - janeiro - 2025.pdf
2025-03-06 17:49:42 - fatura_bot - INFO - Arquivo salvo como: resumo de embarques - jfs transportes e comercio ltda - rctr-c - janeiro - 2025.pdf
2025-03-06 17:49:42 - fatura_bot - INFO - Baixando anexo: https://lrvseguros.com.br:2096/cpsess9518922408/3rdparty/roundcube/?_task=mail&_action=get&_mbox=INBOX&_uid=2419&_token=og9qviRdaXyN1BXabE0EjM8Oi0aLJHq6&_part=3
2025-03-06 17:49:42 - fatura_bot - INFO - Baixando anexo: https://lrvseguros.com.br:2096/cpsess9518922408/3rdparty/roundcube/?_task=mail&_action=get&_mbox=INBOX&_uid=2419&_token=og9qviRdaXyN1BXabE0EjM8Oi0aLJHq6&_part=3
2025-03-06 17:49:42 - fatura_bot - INFO - Baixando anexo: https://lrvseguros.com.br:2096/cpsess9518922408/3rdparty/roundcube/?_task=mail&_action=get&_mbox=INBOX&_uid=2419&_token=og9qviRdaXyN1BXabE0EjM8Oi0aLJHq6&_part=3
2025-03-06 17:49:44 - fatura_bot - INFO - Arquivo salvo como: endosso de fatura e boleto - jfs transportes e comercio ltda - rctr-c - janeiro - 2025.pdf
2025-03-06 17:49:44 - fatura_bot - INFO - Arquivo salvo como: endosso de fatura e boleto - jfs transportes e comercio ltda - rctr-c - janeiro - 2025.pdf
2025-03-06 17:49:44 - fatura_bot - INFO - Arquivo salvo como: endosso de fatura e boleto - jfs transportes e comercio ltda - rctr-c - janeiro - 2025.pdf
2025-03-06 17:49:48 - fatura_bot - INFO - E-mails arquivados com sucesso
2025-03-06 17:49:48 - fatura_bot - INFO - E-mails arquivados com sucesso
2025-03-06 17:49:48 - fatura_bot - INFO - E-mails arquivados com sucesso
2025-03-06 17:49:51 - fatura_bot - INFO - Processando documento: endosso de fatura e boleto - jfs transportes e comercio ltda - rctr-c - janeiro - 2025.pdf
2025-03-06 17:49:51 - fatura_bot - INFO - Processando documento: endosso de fatura e boleto - jfs transportes e comercio ltda - rctr-c - janeiro - 2025.pdf
2025-03-06 17:49:51 - fatura_bot - INFO - Processando documento: endosso de fatura e boleto - jfs transportes e comercio ltda - rctr-c - janeiro - 2025.pdf
2025-03-06 17:50:09 - fatura_bot - INFO - Iniciando processo de automação
2025-03-06 17:50:09 - fatura_bot - INFO - Iniciando processo de automação
2025-03-06 17:50:09 - fatura_bot - INFO - Iniciando processo de automação
2025-03-06 17:53:16 - fatura_bot - ERROR - Erro ao processar documento Chubb: list index out of range
Traceback (most recent call last):
  File "c:\Users\ESTAGIARIO\Desktop\bots\Bot-Faturas\cadastro_fatura2.py", line 192, in <module>
    quiver(dados, documento, tipo_seguradora=TIPO_SEGURADORA['chubb'])
    ~~~~~~^^^^^^^^^^^^^^^^^^^^^^^^^^^^^^^^^^^^^^^^^^^^^^^^^^^^^^^^^^^^
  File "c:\Users\ESTAGIARIO\Desktop\bots\Bot-Faturas\src\services\web_automation.py", line 222, in quiver
    driver.execute_script("arguments[0].value = arguments[1];", campo_data_emissao, dados[data_emissao_idx])
                                                                                    ~~~~~^^^^^^^^^^^^^^^^^^
IndexError: list index out of range
2025-03-06 17:53:16 - fatura_bot - ERROR - Erro ao processar documento Chubb: list index out of range
Traceback (most recent call last):
  File "c:\Users\ESTAGIARIO\Desktop\bots\Bot-Faturas\cadastro_fatura2.py", line 192, in <module>
    quiver(dados, documento, tipo_seguradora=TIPO_SEGURADORA['chubb'])
    ~~~~~~^^^^^^^^^^^^^^^^^^^^^^^^^^^^^^^^^^^^^^^^^^^^^^^^^^^^^^^^^^^^
  File "c:\Users\ESTAGIARIO\Desktop\bots\Bot-Faturas\src\services\web_automation.py", line 222, in quiver
    driver.execute_script("arguments[0].value = arguments[1];", campo_data_emissao, dados[data_emissao_idx])
                                                                                    ~~~~~^^^^^^^^^^^^^^^^^^
IndexError: list index out of range
2025-03-06 17:53:16 - fatura_bot - ERROR - Erro ao processar documento Chubb: list index out of range
Traceback (most recent call last):
  File "c:\Users\ESTAGIARIO\Desktop\bots\Bot-Faturas\cadastro_fatura2.py", line 192, in <module>
    quiver(dados, documento, tipo_seguradora=TIPO_SEGURADORA['chubb'])
    ~~~~~~^^^^^^^^^^^^^^^^^^^^^^^^^^^^^^^^^^^^^^^^^^^^^^^^^^^^^^^^^^^^
  File "c:\Users\ESTAGIARIO\Desktop\bots\Bot-Faturas\src\services\web_automation.py", line 222, in quiver
    driver.execute_script("arguments[0].value = arguments[1];", campo_data_emissao, dados[data_emissao_idx])
                                                                                    ~~~~~^^^^^^^^^^^^^^^^^^
IndexError: list index out of range
2025-03-06 17:53:16 - fatura_bot - INFO - Processamento concluído
2025-03-06 17:53:16 - fatura_bot - INFO - Processamento concluído
2025-03-06 17:53:16 - fatura_bot - INFO - Processamento concluído
