2025-03-21 16:22:13 - fatura_bot - INFO - Encontrados 1 e-mails não lidos
2025-03-21 16:22:13 - fatura_bot - INFO - Encontrados 1 e-mails não lidos
2025-03-21 16:22:13 - fatura_bot - INFO - Encontrados 1 e-mails não lidos
2025-03-21 16:22:15 - fatura_bot - INFO - Baixando anexo: https://lrvseguros.com.br:2096/cpsess6653320173/3rdparty/roundcube/?_task=mail&_action=get&_mbox=INBOX&_uid=2933&_token=KzDeRywngO1tq3nkKKnHgUn3NJqyot3h&_part=2
2025-03-21 16:22:15 - fatura_bot - INFO - Baixando anexo: https://lrvseguros.com.br:2096/cpsess6653320173/3rdparty/roundcube/?_task=mail&_action=get&_mbox=INBOX&_uid=2933&_token=KzDeRywngO1tq3nkKKnHgUn3NJqyot3h&_part=2
2025-03-21 16:22:15 - fatura_bot - INFO - Baixando anexo: https://lrvseguros.com.br:2096/cpsess6653320173/3rdparty/roundcube/?_task=mail&_action=get&_mbox=INBOX&_uid=2933&_token=KzDeRywngO1tq3nkKKnHgUn3NJqyot3h&_part=2
2025-03-21 16:22:16 - fatura_bot - INFO - Arquivo salvo como: boleto - agil lafaiete ltda - rcf-dc - janeiro - 2025.pdf
2025-03-21 16:22:16 - fatura_bot - INFO - Arquivo salvo como: boleto - agil lafaiete ltda - rcf-dc - janeiro - 2025.pdf
2025-03-21 16:22:16 - fatura_bot - INFO - Arquivo salvo como: boleto - agil lafaiete ltda - rcf-dc - janeiro - 2025.pdf
2025-03-21 16:22:16 - fatura_bot - INFO - Baixando anexo: https://lrvseguros.com.br:2096/cpsess6653320173/3rdparty/roundcube/?_task=mail&_action=get&_mbox=INBOX&_uid=2933&_token=KzDeRywngO1tq3nkKKnHgUn3NJqyot3h&_part=3
2025-03-21 16:22:16 - fatura_bot - INFO - Baixando anexo: https://lrvseguros.com.br:2096/cpsess6653320173/3rdparty/roundcube/?_task=mail&_action=get&_mbox=INBOX&_uid=2933&_token=KzDeRywngO1tq3nkKKnHgUn3NJqyot3h&_part=3
2025-03-21 16:22:16 - fatura_bot - INFO - Baixando anexo: https://lrvseguros.com.br:2096/cpsess6653320173/3rdparty/roundcube/?_task=mail&_action=get&_mbox=INBOX&_uid=2933&_token=KzDeRywngO1tq3nkKKnHgUn3NJqyot3h&_part=3
2025-03-21 16:22:18 - fatura_bot - INFO - Arquivo salvo como: boleto - agil lafaiete ltda - rctr-c - janeiro - 2025.pdf
2025-03-21 16:22:18 - fatura_bot - INFO - Arquivo salvo como: boleto - agil lafaiete ltda - rctr-c - janeiro - 2025.pdf
2025-03-21 16:22:18 - fatura_bot - INFO - Arquivo salvo como: boleto - agil lafaiete ltda - rctr-c - janeiro - 2025.pdf
2025-03-21 16:22:18 - fatura_bot - INFO - Baixando anexo: https://lrvseguros.com.br:2096/cpsess6653320173/3rdparty/roundcube/?_task=mail&_action=get&_mbox=INBOX&_uid=2933&_token=KzDeRywngO1tq3nkKKnHgUn3NJqyot3h&_part=4
2025-03-21 16:22:18 - fatura_bot - INFO - Baixando anexo: https://lrvseguros.com.br:2096/cpsess6653320173/3rdparty/roundcube/?_task=mail&_action=get&_mbox=INBOX&_uid=2933&_token=KzDeRywngO1tq3nkKKnHgUn3NJqyot3h&_part=4
2025-03-21 16:22:18 - fatura_bot - INFO - Baixando anexo: https://lrvseguros.com.br:2096/cpsess6653320173/3rdparty/roundcube/?_task=mail&_action=get&_mbox=INBOX&_uid=2933&_token=KzDeRywngO1tq3nkKKnHgUn3NJqyot3h&_part=4
2025-03-21 16:22:20 - fatura_bot - INFO - Arquivo salvo como: endosso de fatura - agil lafaiete ltda - rcf-dc - janeiro - 2025.pdf
2025-03-21 16:22:20 - fatura_bot - INFO - Arquivo salvo como: endosso de fatura - agil lafaiete ltda - rcf-dc - janeiro - 2025.pdf
2025-03-21 16:22:20 - fatura_bot - INFO - Arquivo salvo como: endosso de fatura - agil lafaiete ltda - rcf-dc - janeiro - 2025.pdf
2025-03-21 16:22:20 - fatura_bot - INFO - Baixando anexo: https://lrvseguros.com.br:2096/cpsess6653320173/3rdparty/roundcube/?_task=mail&_action=get&_mbox=INBOX&_uid=2933&_token=KzDeRywngO1tq3nkKKnHgUn3NJqyot3h&_part=5
2025-03-21 16:22:20 - fatura_bot - INFO - Baixando anexo: https://lrvseguros.com.br:2096/cpsess6653320173/3rdparty/roundcube/?_task=mail&_action=get&_mbox=INBOX&_uid=2933&_token=KzDeRywngO1tq3nkKKnHgUn3NJqyot3h&_part=5
2025-03-21 16:22:20 - fatura_bot - INFO - Baixando anexo: https://lrvseguros.com.br:2096/cpsess6653320173/3rdparty/roundcube/?_task=mail&_action=get&_mbox=INBOX&_uid=2933&_token=KzDeRywngO1tq3nkKKnHgUn3NJqyot3h&_part=5
2025-03-21 16:22:23 - fatura_bot - INFO - Arquivo salvo como: endosso de fatura - agil lafaiete ltda - rctr-c - janeiro - 2025.pdf
2025-03-21 16:22:23 - fatura_bot - INFO - Arquivo salvo como: endosso de fatura - agil lafaiete ltda - rctr-c - janeiro - 2025.pdf
2025-03-21 16:22:23 - fatura_bot - INFO - Arquivo salvo como: endosso de fatura - agil lafaiete ltda - rctr-c - janeiro - 2025.pdf
2025-03-21 16:22:23 - fatura_bot - INFO - Baixando anexo: https://lrvseguros.com.br:2096/cpsess6653320173/3rdparty/roundcube/?_task=mail&_action=get&_mbox=INBOX&_uid=2933&_token=KzDeRywngO1tq3nkKKnHgUn3NJqyot3h&_part=6
2025-03-21 16:22:23 - fatura_bot - INFO - Baixando anexo: https://lrvseguros.com.br:2096/cpsess6653320173/3rdparty/roundcube/?_task=mail&_action=get&_mbox=INBOX&_uid=2933&_token=KzDeRywngO1tq3nkKKnHgUn3NJqyot3h&_part=6
2025-03-21 16:22:23 - fatura_bot - INFO - Baixando anexo: https://lrvseguros.com.br:2096/cpsess6653320173/3rdparty/roundcube/?_task=mail&_action=get&_mbox=INBOX&_uid=2933&_token=KzDeRywngO1tq3nkKKnHgUn3NJqyot3h&_part=6
2025-03-21 16:22:24 - fatura_bot - INFO - Arquivo salvo como: resumo de embarques - agil lafaiete ltda - rcf-dc - janeiro - 2025.pdf
2025-03-21 16:22:24 - fatura_bot - INFO - Arquivo salvo como: resumo de embarques - agil lafaiete ltda - rcf-dc - janeiro - 2025.pdf
2025-03-21 16:22:24 - fatura_bot - INFO - Arquivo salvo como: resumo de embarques - agil lafaiete ltda - rcf-dc - janeiro - 2025.pdf
2025-03-21 16:22:24 - fatura_bot - INFO - Baixando anexo: https://lrvseguros.com.br:2096/cpsess6653320173/3rdparty/roundcube/?_task=mail&_action=get&_mbox=INBOX&_uid=2933&_token=KzDeRywngO1tq3nkKKnHgUn3NJqyot3h&_part=7
2025-03-21 16:22:24 - fatura_bot - INFO - Baixando anexo: https://lrvseguros.com.br:2096/cpsess6653320173/3rdparty/roundcube/?_task=mail&_action=get&_mbox=INBOX&_uid=2933&_token=KzDeRywngO1tq3nkKKnHgUn3NJqyot3h&_part=7
2025-03-21 16:22:24 - fatura_bot - INFO - Baixando anexo: https://lrvseguros.com.br:2096/cpsess6653320173/3rdparty/roundcube/?_task=mail&_action=get&_mbox=INBOX&_uid=2933&_token=KzDeRywngO1tq3nkKKnHgUn3NJqyot3h&_part=7
2025-03-21 16:22:25 - fatura_bot - INFO - Arquivo salvo como: resumo de embarques - agil lafaiete ltda - rctr-c - janeiro - 2025.pdf
2025-03-21 16:22:25 - fatura_bot - INFO - Arquivo salvo como: resumo de embarques - agil lafaiete ltda - rctr-c - janeiro - 2025.pdf
2025-03-21 16:22:25 - fatura_bot - INFO - Arquivo salvo como: resumo de embarques - agil lafaiete ltda - rctr-c - janeiro - 2025.pdf
2025-03-21 16:22:27 - fatura_bot - INFO - E-mails arquivados com sucesso
2025-03-21 16:22:27 - fatura_bot - INFO - E-mails arquivados com sucesso
2025-03-21 16:22:27 - fatura_bot - INFO - E-mails arquivados com sucesso
2025-03-21 16:22:31 - fatura_bot - INFO - Processando documento: endosso de fatura - agil lafaiete ltda - rcf-dc - janeiro - 2025.pdf
2025-03-21 16:22:31 - fatura_bot - INFO - Processando documento: endosso de fatura - agil lafaiete ltda - rcf-dc - janeiro - 2025.pdf
2025-03-21 16:22:31 - fatura_bot - INFO - Processando documento: endosso de fatura - agil lafaiete ltda - rcf-dc - janeiro - 2025.pdf
2025-03-21 16:22:50 - fatura_bot - INFO - Iniciando processo de automação
2025-03-21 16:22:50 - fatura_bot - INFO - Iniciando processo de automação
2025-03-21 16:22:50 - fatura_bot - INFO - Iniciando processo de automação
2025-03-21 16:25:31 - fatura_bot - ERROR - Timeout em operação: Tempo excedido ao selecionar dropdown
2025-03-21 16:25:31 - fatura_bot - ERROR - Timeout em operação: Tempo excedido ao selecionar dropdown
2025-03-21 16:25:31 - fatura_bot - ERROR - Timeout em operação: Tempo excedido ao selecionar dropdown
2025-03-21 16:25:33 - fatura_bot - INFO - Documento AXA processado com sucesso: 02852.2024.0030.0655.0006576
2025-03-21 16:25:33 - fatura_bot - INFO - Documento AXA processado com sucesso: 02852.2024.0030.0655.0006576
2025-03-21 16:25:33 - fatura_bot - INFO - Documento AXA processado com sucesso: 02852.2024.0030.0655.0006576
2025-03-21 16:25:33 - fatura_bot - INFO - Processando documento: endosso de fatura - agil lafaiete ltda - rctr-c - janeiro - 2025.pdf
2025-03-21 16:25:33 - fatura_bot - INFO - Processando documento: endosso de fatura - agil lafaiete ltda - rctr-c - janeiro - 2025.pdf
2025-03-21 16:25:33 - fatura_bot - INFO - Processando documento: endosso de fatura - agil lafaiete ltda - rctr-c - janeiro - 2025.pdf
2025-03-21 16:25:55 - fatura_bot - INFO - Iniciando processo de automação
2025-03-21 16:25:55 - fatura_bot - INFO - Iniciando processo de automação
2025-03-21 16:25:55 - fatura_bot - INFO - Iniciando processo de automação
2025-03-21 16:28:38 - fatura_bot - ERROR - Timeout em operação: Tempo excedido ao selecionar dropdown
2025-03-21 16:28:38 - fatura_bot - ERROR - Timeout em operação: Tempo excedido ao selecionar dropdown
2025-03-21 16:28:38 - fatura_bot - ERROR - Timeout em operação: Tempo excedido ao selecionar dropdown
2025-03-21 16:28:40 - fatura_bot - INFO - Documento AXA processado com sucesso: 02852.2024.0030.0654.0012613
2025-03-21 16:28:40 - fatura_bot - INFO - Documento AXA processado com sucesso: 02852.2024.0030.0654.0012613
2025-03-21 16:28:40 - fatura_bot - INFO - Documento AXA processado com sucesso: 02852.2024.0030.0654.0012613
2025-03-21 16:28:40 - fatura_bot - INFO - Processamento concluído
2025-03-21 16:28:40 - fatura_bot - INFO - Processamento concluído
2025-03-21 16:28:40 - fatura_bot - INFO - Processamento concluído
2025-03-21 17:07:14 - fatura_bot - INFO - Encontrados 1 e-mails não lidos
2025-03-21 17:07:14 - fatura_bot - INFO - Encontrados 1 e-mails não lidos
2025-03-21 17:07:14 - fatura_bot - INFO - Encontrados 1 e-mails não lidos
2025-03-21 17:07:15 - fatura_bot - INFO - Baixando anexo: https://lrvseguros.com.br:2096/cpsess4506814647/3rdparty/roundcube/?_task=mail&_action=get&_mbox=INBOX&_uid=2934&_token=zZdQqI7z79JLQAbjr2UodBIpkPflRo3v&_part=2
2025-03-21 17:07:15 - fatura_bot - INFO - Baixando anexo: https://lrvseguros.com.br:2096/cpsess4506814647/3rdparty/roundcube/?_task=mail&_action=get&_mbox=INBOX&_uid=2934&_token=zZdQqI7z79JLQAbjr2UodBIpkPflRo3v&_part=2
2025-03-21 17:07:15 - fatura_bot - INFO - Baixando anexo: https://lrvseguros.com.br:2096/cpsess4506814647/3rdparty/roundcube/?_task=mail&_action=get&_mbox=INBOX&_uid=2934&_token=zZdQqI7z79JLQAbjr2UodBIpkPflRo3v&_part=2
2025-03-21 17:07:16 - fatura_bot - INFO - Arquivo salvo como: boleto - agil lafaiete ltda - rcf-dc - janeiro - 2025.pdf
2025-03-21 17:07:16 - fatura_bot - INFO - Arquivo salvo como: boleto - agil lafaiete ltda - rcf-dc - janeiro - 2025.pdf
2025-03-21 17:07:16 - fatura_bot - INFO - Arquivo salvo como: boleto - agil lafaiete ltda - rcf-dc - janeiro - 2025.pdf
2025-03-21 17:07:16 - fatura_bot - INFO - Baixando anexo: https://lrvseguros.com.br:2096/cpsess4506814647/3rdparty/roundcube/?_task=mail&_action=get&_mbox=INBOX&_uid=2934&_token=zZdQqI7z79JLQAbjr2UodBIpkPflRo3v&_part=3
2025-03-21 17:07:16 - fatura_bot - INFO - Baixando anexo: https://lrvseguros.com.br:2096/cpsess4506814647/3rdparty/roundcube/?_task=mail&_action=get&_mbox=INBOX&_uid=2934&_token=zZdQqI7z79JLQAbjr2UodBIpkPflRo3v&_part=3
2025-03-21 17:07:16 - fatura_bot - INFO - Baixando anexo: https://lrvseguros.com.br:2096/cpsess4506814647/3rdparty/roundcube/?_task=mail&_action=get&_mbox=INBOX&_uid=2934&_token=zZdQqI7z79JLQAbjr2UodBIpkPflRo3v&_part=3
2025-03-21 17:07:18 - fatura_bot - INFO - Arquivo salvo como: boleto - agil lafaiete ltda - rctr-c - janeiro - 2025.pdf
2025-03-21 17:07:18 - fatura_bot - INFO - Arquivo salvo como: boleto - agil lafaiete ltda - rctr-c - janeiro - 2025.pdf
2025-03-21 17:07:18 - fatura_bot - INFO - Arquivo salvo como: boleto - agil lafaiete ltda - rctr-c - janeiro - 2025.pdf
2025-03-21 17:07:18 - fatura_bot - INFO - Baixando anexo: https://lrvseguros.com.br:2096/cpsess4506814647/3rdparty/roundcube/?_task=mail&_action=get&_mbox=INBOX&_uid=2934&_token=zZdQqI7z79JLQAbjr2UodBIpkPflRo3v&_part=4
2025-03-21 17:07:18 - fatura_bot - INFO - Baixando anexo: https://lrvseguros.com.br:2096/cpsess4506814647/3rdparty/roundcube/?_task=mail&_action=get&_mbox=INBOX&_uid=2934&_token=zZdQqI7z79JLQAbjr2UodBIpkPflRo3v&_part=4
2025-03-21 17:07:18 - fatura_bot - INFO - Baixando anexo: https://lrvseguros.com.br:2096/cpsess4506814647/3rdparty/roundcube/?_task=mail&_action=get&_mbox=INBOX&_uid=2934&_token=zZdQqI7z79JLQAbjr2UodBIpkPflRo3v&_part=4
2025-03-21 17:07:19 - fatura_bot - INFO - Arquivo salvo como: endosso de fatura - agil lafaiete ltda - rcf-dc - janeiro - 2025.pdf
2025-03-21 17:07:19 - fatura_bot - INFO - Arquivo salvo como: endosso de fatura - agil lafaiete ltda - rcf-dc - janeiro - 2025.pdf
2025-03-21 17:07:19 - fatura_bot - INFO - Arquivo salvo como: endosso de fatura - agil lafaiete ltda - rcf-dc - janeiro - 2025.pdf
2025-03-21 17:07:19 - fatura_bot - INFO - Baixando anexo: https://lrvseguros.com.br:2096/cpsess4506814647/3rdparty/roundcube/?_task=mail&_action=get&_mbox=INBOX&_uid=2934&_token=zZdQqI7z79JLQAbjr2UodBIpkPflRo3v&_part=5
2025-03-21 17:07:19 - fatura_bot - INFO - Baixando anexo: https://lrvseguros.com.br:2096/cpsess4506814647/3rdparty/roundcube/?_task=mail&_action=get&_mbox=INBOX&_uid=2934&_token=zZdQqI7z79JLQAbjr2UodBIpkPflRo3v&_part=5
2025-03-21 17:07:19 - fatura_bot - INFO - Baixando anexo: https://lrvseguros.com.br:2096/cpsess4506814647/3rdparty/roundcube/?_task=mail&_action=get&_mbox=INBOX&_uid=2934&_token=zZdQqI7z79JLQAbjr2UodBIpkPflRo3v&_part=5
2025-03-21 17:07:21 - fatura_bot - INFO - Arquivo salvo como: endosso de fatura - agil lafaiete ltda - rctr-c - janeiro - 2025.pdf
2025-03-21 17:07:21 - fatura_bot - INFO - Arquivo salvo como: endosso de fatura - agil lafaiete ltda - rctr-c - janeiro - 2025.pdf
2025-03-21 17:07:21 - fatura_bot - INFO - Arquivo salvo como: endosso de fatura - agil lafaiete ltda - rctr-c - janeiro - 2025.pdf
2025-03-21 17:07:21 - fatura_bot - INFO - Baixando anexo: https://lrvseguros.com.br:2096/cpsess4506814647/3rdparty/roundcube/?_task=mail&_action=get&_mbox=INBOX&_uid=2934&_token=zZdQqI7z79JLQAbjr2UodBIpkPflRo3v&_part=6
2025-03-21 17:07:21 - fatura_bot - INFO - Baixando anexo: https://lrvseguros.com.br:2096/cpsess4506814647/3rdparty/roundcube/?_task=mail&_action=get&_mbox=INBOX&_uid=2934&_token=zZdQqI7z79JLQAbjr2UodBIpkPflRo3v&_part=6
2025-03-21 17:07:21 - fatura_bot - INFO - Baixando anexo: https://lrvseguros.com.br:2096/cpsess4506814647/3rdparty/roundcube/?_task=mail&_action=get&_mbox=INBOX&_uid=2934&_token=zZdQqI7z79JLQAbjr2UodBIpkPflRo3v&_part=6
2025-03-21 17:07:22 - fatura_bot - INFO - Arquivo salvo como: resumo de embarques - agil lafaiete ltda - rcf-dc - janeiro - 2025.pdf
2025-03-21 17:07:22 - fatura_bot - INFO - Arquivo salvo como: resumo de embarques - agil lafaiete ltda - rcf-dc - janeiro - 2025.pdf
2025-03-21 17:07:22 - fatura_bot - INFO - Arquivo salvo como: resumo de embarques - agil lafaiete ltda - rcf-dc - janeiro - 2025.pdf
2025-03-21 17:07:22 - fatura_bot - INFO - Baixando anexo: https://lrvseguros.com.br:2096/cpsess4506814647/3rdparty/roundcube/?_task=mail&_action=get&_mbox=INBOX&_uid=2934&_token=zZdQqI7z79JLQAbjr2UodBIpkPflRo3v&_part=7
2025-03-21 17:07:22 - fatura_bot - INFO - Baixando anexo: https://lrvseguros.com.br:2096/cpsess4506814647/3rdparty/roundcube/?_task=mail&_action=get&_mbox=INBOX&_uid=2934&_token=zZdQqI7z79JLQAbjr2UodBIpkPflRo3v&_part=7
2025-03-21 17:07:22 - fatura_bot - INFO - Baixando anexo: https://lrvseguros.com.br:2096/cpsess4506814647/3rdparty/roundcube/?_task=mail&_action=get&_mbox=INBOX&_uid=2934&_token=zZdQqI7z79JLQAbjr2UodBIpkPflRo3v&_part=7
2025-03-21 17:07:22 - fatura_bot - INFO - Arquivo salvo como: resumo de embarques - agil lafaiete ltda - rctr-c - janeiro - 2025.pdf
2025-03-21 17:07:22 - fatura_bot - INFO - Arquivo salvo como: resumo de embarques - agil lafaiete ltda - rctr-c - janeiro - 2025.pdf
2025-03-21 17:07:22 - fatura_bot - INFO - Arquivo salvo como: resumo de embarques - agil lafaiete ltda - rctr-c - janeiro - 2025.pdf
2025-03-21 17:07:25 - fatura_bot - INFO - E-mails arquivados com sucesso
2025-03-21 17:07:25 - fatura_bot - INFO - E-mails arquivados com sucesso
2025-03-21 17:07:25 - fatura_bot - INFO - E-mails arquivados com sucesso
2025-03-21 17:07:28 - fatura_bot - INFO - Processando documento: endosso de fatura - agil lafaiete ltda - rcf-dc - janeiro - 2025.pdf
2025-03-21 17:07:28 - fatura_bot - INFO - Processando documento: endosso de fatura - agil lafaiete ltda - rcf-dc - janeiro - 2025.pdf
2025-03-21 17:07:28 - fatura_bot - INFO - Processando documento: endosso de fatura - agil lafaiete ltda - rcf-dc - janeiro - 2025.pdf
2025-03-21 17:07:46 - fatura_bot - INFO - Iniciando processo de automação
2025-03-21 17:07:46 - fatura_bot - INFO - Iniciando processo de automação
2025-03-21 17:07:46 - fatura_bot - INFO - Iniciando processo de automação
2025-03-21 17:10:28 - fatura_bot - ERROR - Timeout em operação: Tempo excedido ao selecionar dropdown
2025-03-21 17:10:28 - fatura_bot - ERROR - Timeout em operação: Tempo excedido ao selecionar dropdown
2025-03-21 17:10:28 - fatura_bot - ERROR - Timeout em operação: Tempo excedido ao selecionar dropdown
2025-03-21 17:10:30 - fatura_bot - INFO - Documento AXA processado com sucesso: 02852.2024.0030.0655.0006576
2025-03-21 17:10:30 - fatura_bot - INFO - Documento AXA processado com sucesso: 02852.2024.0030.0655.0006576
2025-03-21 17:10:30 - fatura_bot - INFO - Documento AXA processado com sucesso: 02852.2024.0030.0655.0006576
2025-03-21 17:10:30 - fatura_bot - INFO - Processando documento: endosso de fatura - agil lafaiete ltda - rctr-c - janeiro - 2025.pdf
2025-03-21 17:10:30 - fatura_bot - INFO - Processando documento: endosso de fatura - agil lafaiete ltda - rctr-c - janeiro - 2025.pdf
2025-03-21 17:10:30 - fatura_bot - INFO - Processando documento: endosso de fatura - agil lafaiete ltda - rctr-c - janeiro - 2025.pdf
2025-03-21 17:10:53 - fatura_bot - INFO - Iniciando processo de automação
2025-03-21 17:10:53 - fatura_bot - INFO - Iniciando processo de automação
2025-03-21 17:10:53 - fatura_bot - INFO - Iniciando processo de automação
2025-03-21 17:13:34 - fatura_bot - ERROR - Timeout em operação: Tempo excedido ao selecionar dropdown
2025-03-21 17:13:34 - fatura_bot - ERROR - Timeout em operação: Tempo excedido ao selecionar dropdown
2025-03-21 17:13:34 - fatura_bot - ERROR - Timeout em operação: Tempo excedido ao selecionar dropdown
2025-03-21 17:13:37 - fatura_bot - INFO - Documento AXA processado com sucesso: 02852.2024.0030.0654.0012613
2025-03-21 17:13:37 - fatura_bot - INFO - Documento AXA processado com sucesso: 02852.2024.0030.0654.0012613
2025-03-21 17:13:37 - fatura_bot - INFO - Documento AXA processado com sucesso: 02852.2024.0030.0654.0012613
2025-03-21 17:13:37 - fatura_bot - INFO - Processamento concluído
2025-03-21 17:13:37 - fatura_bot - INFO - Processamento concluído
2025-03-21 17:13:37 - fatura_bot - INFO - Processamento concluído
2025-03-21 17:13:37 - fatura_bot - INFO - Enviando notificações de erro via WhatsApp
2025-03-21 17:13:37 - fatura_bot - INFO - Enviando notificações de erro via WhatsApp
2025-03-21 17:13:37 - fatura_bot - INFO - Enviando notificações de erro via WhatsApp
2025-03-21 17:16:03 - fatura_bot - INFO - Notificações de erro enviadas com sucesso
2025-03-21 17:16:03 - fatura_bot - INFO - Notificações de erro enviadas com sucesso
2025-03-21 17:16:03 - fatura_bot - INFO - Notificações de erro enviadas com sucesso
2025-03-21 17:38:26 - fatura_bot - INFO - Encontrados 1 e-mails não lidos
2025-03-21 17:38:26 - fatura_bot - INFO - Encontrados 1 e-mails não lidos
2025-03-21 17:38:26 - fatura_bot - INFO - Encontrados 1 e-mails não lidos
2025-03-21 17:38:28 - fatura_bot - INFO - Baixando anexo: https://lrvseguros.com.br:2096/cpsess4857919598/3rdparty/roundcube/?_task=mail&_action=get&_mbox=INBOX&_uid=2935&_token=NLtNoWDgYgIfDYeZrebOXVZVhg6EOgMJ&_part=2
2025-03-21 17:38:28 - fatura_bot - INFO - Baixando anexo: https://lrvseguros.com.br:2096/cpsess4857919598/3rdparty/roundcube/?_task=mail&_action=get&_mbox=INBOX&_uid=2935&_token=NLtNoWDgYgIfDYeZrebOXVZVhg6EOgMJ&_part=2
2025-03-21 17:38:28 - fatura_bot - INFO - Baixando anexo: https://lrvseguros.com.br:2096/cpsess4857919598/3rdparty/roundcube/?_task=mail&_action=get&_mbox=INBOX&_uid=2935&_token=NLtNoWDgYgIfDYeZrebOXVZVhg6EOgMJ&_part=2
2025-03-21 17:38:29 - fatura_bot - INFO - Arquivo salvo como: boleto - agil lafaiete ltda - rcf-dc - janeiro - 2025.pdf
2025-03-21 17:38:29 - fatura_bot - INFO - Arquivo salvo como: boleto - agil lafaiete ltda - rcf-dc - janeiro - 2025.pdf
2025-03-21 17:38:29 - fatura_bot - INFO - Arquivo salvo como: boleto - agil lafaiete ltda - rcf-dc - janeiro - 2025.pdf
2025-03-21 17:38:29 - fatura_bot - INFO - Baixando anexo: https://lrvseguros.com.br:2096/cpsess4857919598/3rdparty/roundcube/?_task=mail&_action=get&_mbox=INBOX&_uid=2935&_token=NLtNoWDgYgIfDYeZrebOXVZVhg6EOgMJ&_part=3
2025-03-21 17:38:29 - fatura_bot - INFO - Baixando anexo: https://lrvseguros.com.br:2096/cpsess4857919598/3rdparty/roundcube/?_task=mail&_action=get&_mbox=INBOX&_uid=2935&_token=NLtNoWDgYgIfDYeZrebOXVZVhg6EOgMJ&_part=3
2025-03-21 17:38:29 - fatura_bot - INFO - Baixando anexo: https://lrvseguros.com.br:2096/cpsess4857919598/3rdparty/roundcube/?_task=mail&_action=get&_mbox=INBOX&_uid=2935&_token=NLtNoWDgYgIfDYeZrebOXVZVhg6EOgMJ&_part=3
2025-03-21 17:38:30 - fatura_bot - INFO - Arquivo salvo como: boleto - agil lafaiete ltda - rctr-c - janeiro - 2025.pdf
2025-03-21 17:38:30 - fatura_bot - INFO - Arquivo salvo como: boleto - agil lafaiete ltda - rctr-c - janeiro - 2025.pdf
2025-03-21 17:38:30 - fatura_bot - INFO - Arquivo salvo como: boleto - agil lafaiete ltda - rctr-c - janeiro - 2025.pdf
2025-03-21 17:38:30 - fatura_bot - INFO - Baixando anexo: https://lrvseguros.com.br:2096/cpsess4857919598/3rdparty/roundcube/?_task=mail&_action=get&_mbox=INBOX&_uid=2935&_token=NLtNoWDgYgIfDYeZrebOXVZVhg6EOgMJ&_part=4
2025-03-21 17:38:30 - fatura_bot - INFO - Baixando anexo: https://lrvseguros.com.br:2096/cpsess4857919598/3rdparty/roundcube/?_task=mail&_action=get&_mbox=INBOX&_uid=2935&_token=NLtNoWDgYgIfDYeZrebOXVZVhg6EOgMJ&_part=4
2025-03-21 17:38:30 - fatura_bot - INFO - Baixando anexo: https://lrvseguros.com.br:2096/cpsess4857919598/3rdparty/roundcube/?_task=mail&_action=get&_mbox=INBOX&_uid=2935&_token=NLtNoWDgYgIfDYeZrebOXVZVhg6EOgMJ&_part=4
2025-03-21 17:38:32 - fatura_bot - INFO - Arquivo salvo como: endosso de fatura - agil lafaiete ltda - rcf-dc - janeiro - 2025.pdf
2025-03-21 17:38:32 - fatura_bot - INFO - Arquivo salvo como: endosso de fatura - agil lafaiete ltda - rcf-dc - janeiro - 2025.pdf
2025-03-21 17:38:32 - fatura_bot - INFO - Arquivo salvo como: endosso de fatura - agil lafaiete ltda - rcf-dc - janeiro - 2025.pdf
2025-03-21 17:38:32 - fatura_bot - INFO - Baixando anexo: https://lrvseguros.com.br:2096/cpsess4857919598/3rdparty/roundcube/?_task=mail&_action=get&_mbox=INBOX&_uid=2935&_token=NLtNoWDgYgIfDYeZrebOXVZVhg6EOgMJ&_part=5
2025-03-21 17:38:32 - fatura_bot - INFO - Baixando anexo: https://lrvseguros.com.br:2096/cpsess4857919598/3rdparty/roundcube/?_task=mail&_action=get&_mbox=INBOX&_uid=2935&_token=NLtNoWDgYgIfDYeZrebOXVZVhg6EOgMJ&_part=5
2025-03-21 17:38:32 - fatura_bot - INFO - Baixando anexo: https://lrvseguros.com.br:2096/cpsess4857919598/3rdparty/roundcube/?_task=mail&_action=get&_mbox=INBOX&_uid=2935&_token=NLtNoWDgYgIfDYeZrebOXVZVhg6EOgMJ&_part=5
2025-03-21 17:38:34 - fatura_bot - INFO - Arquivo salvo como: endosso de fatura - agil lafaiete ltda - rctr-c - janeiro - 2025.pdf
2025-03-21 17:38:34 - fatura_bot - INFO - Arquivo salvo como: endosso de fatura - agil lafaiete ltda - rctr-c - janeiro - 2025.pdf
2025-03-21 17:38:34 - fatura_bot - INFO - Arquivo salvo como: endosso de fatura - agil lafaiete ltda - rctr-c - janeiro - 2025.pdf
2025-03-21 17:38:34 - fatura_bot - INFO - Baixando anexo: https://lrvseguros.com.br:2096/cpsess4857919598/3rdparty/roundcube/?_task=mail&_action=get&_mbox=INBOX&_uid=2935&_token=NLtNoWDgYgIfDYeZrebOXVZVhg6EOgMJ&_part=6
2025-03-21 17:38:34 - fatura_bot - INFO - Baixando anexo: https://lrvseguros.com.br:2096/cpsess4857919598/3rdparty/roundcube/?_task=mail&_action=get&_mbox=INBOX&_uid=2935&_token=NLtNoWDgYgIfDYeZrebOXVZVhg6EOgMJ&_part=6
2025-03-21 17:38:34 - fatura_bot - INFO - Baixando anexo: https://lrvseguros.com.br:2096/cpsess4857919598/3rdparty/roundcube/?_task=mail&_action=get&_mbox=INBOX&_uid=2935&_token=NLtNoWDgYgIfDYeZrebOXVZVhg6EOgMJ&_part=6
2025-03-21 17:38:35 - fatura_bot - INFO - Arquivo salvo como: resumo de embarques - agil lafaiete ltda - rcf-dc - janeiro - 2025.pdf
2025-03-21 17:38:35 - fatura_bot - INFO - Arquivo salvo como: resumo de embarques - agil lafaiete ltda - rcf-dc - janeiro - 2025.pdf
2025-03-21 17:38:35 - fatura_bot - INFO - Arquivo salvo como: resumo de embarques - agil lafaiete ltda - rcf-dc - janeiro - 2025.pdf
2025-03-21 17:38:35 - fatura_bot - INFO - Baixando anexo: https://lrvseguros.com.br:2096/cpsess4857919598/3rdparty/roundcube/?_task=mail&_action=get&_mbox=INBOX&_uid=2935&_token=NLtNoWDgYgIfDYeZrebOXVZVhg6EOgMJ&_part=7
2025-03-21 17:38:35 - fatura_bot - INFO - Baixando anexo: https://lrvseguros.com.br:2096/cpsess4857919598/3rdparty/roundcube/?_task=mail&_action=get&_mbox=INBOX&_uid=2935&_token=NLtNoWDgYgIfDYeZrebOXVZVhg6EOgMJ&_part=7
2025-03-21 17:38:35 - fatura_bot - INFO - Baixando anexo: https://lrvseguros.com.br:2096/cpsess4857919598/3rdparty/roundcube/?_task=mail&_action=get&_mbox=INBOX&_uid=2935&_token=NLtNoWDgYgIfDYeZrebOXVZVhg6EOgMJ&_part=7
2025-03-21 17:38:36 - fatura_bot - INFO - Arquivo salvo como: resumo de embarques - agil lafaiete ltda - rctr-c - janeiro - 2025.pdf
2025-03-21 17:38:36 - fatura_bot - INFO - Arquivo salvo como: resumo de embarques - agil lafaiete ltda - rctr-c - janeiro - 2025.pdf
2025-03-21 17:38:36 - fatura_bot - INFO - Arquivo salvo como: resumo de embarques - agil lafaiete ltda - rctr-c - janeiro - 2025.pdf
2025-03-21 17:38:39 - fatura_bot - INFO - E-mails arquivados com sucesso
2025-03-21 17:38:39 - fatura_bot - INFO - E-mails arquivados com sucesso
2025-03-21 17:38:39 - fatura_bot - INFO - E-mails arquivados com sucesso
2025-03-21 17:38:41 - fatura_bot - INFO - Processando documento: endosso de fatura - agil lafaiete ltda - rcf-dc - janeiro - 2025.pdf
2025-03-21 17:38:41 - fatura_bot - INFO - Processando documento: endosso de fatura - agil lafaiete ltda - rcf-dc - janeiro - 2025.pdf
2025-03-21 17:38:41 - fatura_bot - INFO - Processando documento: endosso de fatura - agil lafaiete ltda - rcf-dc - janeiro - 2025.pdf
2025-03-21 17:39:00 - fatura_bot - INFO - Iniciando processo de automação
2025-03-21 17:39:00 - fatura_bot - INFO - Iniciando processo de automação
2025-03-21 17:39:00 - fatura_bot - INFO - Iniciando processo de automação
2025-03-21 17:39:02 - fatura_bot - ERROR - Timeout em operação: Tempo excedido ao selecionar dropdown
2025-03-21 17:39:02 - fatura_bot - ERROR - Timeout em operação: Tempo excedido ao selecionar dropdown
2025-03-21 17:39:02 - fatura_bot - ERROR - Timeout em operação: Tempo excedido ao selecionar dropdown
2025-03-21 17:39:04 - fatura_bot - INFO - Documento AXA processado com sucesso: 02852.2024.0030.0655.0006576
2025-03-21 17:39:04 - fatura_bot - INFO - Documento AXA processado com sucesso: 02852.2024.0030.0655.0006576
2025-03-21 17:39:04 - fatura_bot - INFO - Documento AXA processado com sucesso: 02852.2024.0030.0655.0006576
2025-03-21 17:39:04 - fatura_bot - INFO - Processando documento: endosso de fatura - agil lafaiete ltda - rctr-c - janeiro - 2025.pdf
2025-03-21 17:39:04 - fatura_bot - INFO - Processando documento: endosso de fatura - agil lafaiete ltda - rctr-c - janeiro - 2025.pdf
2025-03-21 17:39:04 - fatura_bot - INFO - Processando documento: endosso de fatura - agil lafaiete ltda - rctr-c - janeiro - 2025.pdf
2025-03-21 17:39:25 - fatura_bot - INFO - Iniciando processo de automação
2025-03-21 17:39:25 - fatura_bot - INFO - Iniciando processo de automação
2025-03-21 17:39:25 - fatura_bot - INFO - Iniciando processo de automação
2025-03-21 17:39:28 - fatura_bot - ERROR - Timeout em operação: Tempo excedido ao selecionar dropdown
2025-03-21 17:39:28 - fatura_bot - ERROR - Timeout em operação: Tempo excedido ao selecionar dropdown
2025-03-21 17:39:28 - fatura_bot - ERROR - Timeout em operação: Tempo excedido ao selecionar dropdown
2025-03-21 17:39:30 - fatura_bot - INFO - Documento AXA processado com sucesso: 02852.2024.0030.0654.0012613
2025-03-21 17:39:30 - fatura_bot - INFO - Documento AXA processado com sucesso: 02852.2024.0030.0654.0012613
2025-03-21 17:39:30 - fatura_bot - INFO - Documento AXA processado com sucesso: 02852.2024.0030.0654.0012613
2025-03-21 17:39:30 - fatura_bot - INFO - Processamento concluído
2025-03-21 17:39:30 - fatura_bot - INFO - Processamento concluído
2025-03-21 17:39:30 - fatura_bot - INFO - Processamento concluído
2025-03-21 17:39:30 - fatura_bot - INFO - Enviando notificações de erro via WhatsApp
2025-03-21 17:39:30 - fatura_bot - INFO - Enviando notificações de erro via WhatsApp
2025-03-21 17:39:30 - fatura_bot - INFO - Enviando notificações de erro via WhatsApp
2025-03-21 17:41:54 - fatura_bot - INFO - Notificações de erro enviadas com sucesso
2025-03-21 17:41:54 - fatura_bot - INFO - Notificações de erro enviadas com sucesso
2025-03-21 17:41:54 - fatura_bot - INFO - Notificações de erro enviadas com sucesso
