2025-02-28 17:22:01 - fatura_bot - INFO - Encontrados 1 e-mails não lidos
2025-02-28 17:22:01 - fatura_bot - INFO - Encontrados 1 e-mails não lidos
2025-02-28 17:22:01 - fatura_bot - INFO - Encontrados 1 e-mails não lidos
2025-02-28 17:22:03 - fatura_bot - INFO - Baixando anexo: https://lrvseguros.com.br:2096/cpsess6516373094/3rdparty/roundcube/?_task=mail&_action=get&_mbox=INBOX&_uid=2395&_token=HPW6sS9LYxnZlw0YSacDzmk79sZL5oyE&_part=2
2025-02-28 17:22:03 - fatura_bot - INFO - Baixando anexo: https://lrvseguros.com.br:2096/cpsess6516373094/3rdparty/roundcube/?_task=mail&_action=get&_mbox=INBOX&_uid=2395&_token=HPW6sS9LYxnZlw0YSacDzmk79sZL5oyE&_part=2
2025-02-28 17:22:03 - fatura_bot - INFO - Baixando anexo: https://lrvseguros.com.br:2096/cpsess6516373094/3rdparty/roundcube/?_task=mail&_action=get&_mbox=INBOX&_uid=2395&_token=HPW6sS9LYxnZlw0YSacDzmk79sZL5oyE&_part=2
2025-02-28 17:22:04 - fatura_bot - INFO - Arquivo salvo como: resumo de embarques - jfs transportes e comercio ltda - rctr-c - janeiro - 2025.pdf
2025-02-28 17:22:04 - fatura_bot - INFO - Arquivo salvo como: resumo de embarques - jfs transportes e comercio ltda - rctr-c - janeiro - 2025.pdf
2025-02-28 17:22:04 - fatura_bot - INFO - Arquivo salvo como: resumo de embarques - jfs transportes e comercio ltda - rctr-c - janeiro - 2025.pdf
2025-02-28 17:22:04 - fatura_bot - INFO - Baixando anexo: https://lrvseguros.com.br:2096/cpsess6516373094/3rdparty/roundcube/?_task=mail&_action=get&_mbox=INBOX&_uid=2395&_token=HPW6sS9LYxnZlw0YSacDzmk79sZL5oyE&_part=3
2025-02-28 17:22:04 - fatura_bot - INFO - Baixando anexo: https://lrvseguros.com.br:2096/cpsess6516373094/3rdparty/roundcube/?_task=mail&_action=get&_mbox=INBOX&_uid=2395&_token=HPW6sS9LYxnZlw0YSacDzmk79sZL5oyE&_part=3
2025-02-28 17:22:04 - fatura_bot - INFO - Baixando anexo: https://lrvseguros.com.br:2096/cpsess6516373094/3rdparty/roundcube/?_task=mail&_action=get&_mbox=INBOX&_uid=2395&_token=HPW6sS9LYxnZlw0YSacDzmk79sZL5oyE&_part=3
2025-02-28 17:22:06 - fatura_bot - INFO - Arquivo salvo como: endosso de fatura e boleto - jfs transportes e comercio ltda - rctr-c - janeiro - 2025.pdf
2025-02-28 17:22:06 - fatura_bot - INFO - Arquivo salvo como: endosso de fatura e boleto - jfs transportes e comercio ltda - rctr-c - janeiro - 2025.pdf
2025-02-28 17:22:06 - fatura_bot - INFO - Arquivo salvo como: endosso de fatura e boleto - jfs transportes e comercio ltda - rctr-c - janeiro - 2025.pdf
2025-02-28 17:22:10 - fatura_bot - INFO - E-mails arquivados com sucesso
2025-02-28 17:22:10 - fatura_bot - INFO - E-mails arquivados com sucesso
2025-02-28 17:22:10 - fatura_bot - INFO - E-mails arquivados com sucesso
2025-02-28 17:22:12 - fatura_bot - INFO - Processando documento: endosso de fatura e boleto - jfs transportes e comercio ltda - rctr-c - janeiro - 2025.pdf
2025-02-28 17:22:12 - fatura_bot - INFO - Processando documento: endosso de fatura e boleto - jfs transportes e comercio ltda - rctr-c - janeiro - 2025.pdf
2025-02-28 17:22:12 - fatura_bot - INFO - Processando documento: endosso de fatura e boleto - jfs transportes e comercio ltda - rctr-c - janeiro - 2025.pdf
2025-02-28 17:22:32 - fatura_bot - INFO - Iniciando processo de automação
2025-02-28 17:22:32 - fatura_bot - INFO - Iniciando processo de automação
2025-02-28 17:22:32 - fatura_bot - INFO - Iniciando processo de automação
2025-02-28 17:22:36 - fatura_bot - ERROR - Erro ao processar documento Chubb: list index out of range
Traceback (most recent call last):
  File "c:\Users\ESTAGIARIO\Desktop\bots\Bot-Faturas\cadastro_fatura2.py", line 193, in <module>
    quiver(dados, documento, tipo_seguradora=TIPO_SEGURADORA['chubb'])
    ~~~~~~^^^^^^^^^^^^^^^^^^^^^^^^^^^^^^^^^^^^^^^^^^^^^^^^^^^^^^^^^^^^
  File "c:\Users\ESTAGIARIO\Desktop\bots\Bot-Faturas\src\services\web_automation.py", line 119, in quiver
    campo_apolice.send_keys(dados[0])
                            ~~~~~^^^
IndexError: list index out of range
2025-02-28 17:22:36 - fatura_bot - ERROR - Erro ao processar documento Chubb: list index out of range
Traceback (most recent call last):
  File "c:\Users\ESTAGIARIO\Desktop\bots\Bot-Faturas\cadastro_fatura2.py", line 193, in <module>
    quiver(dados, documento, tipo_seguradora=TIPO_SEGURADORA['chubb'])
    ~~~~~~^^^^^^^^^^^^^^^^^^^^^^^^^^^^^^^^^^^^^^^^^^^^^^^^^^^^^^^^^^^^
  File "c:\Users\ESTAGIARIO\Desktop\bots\Bot-Faturas\src\services\web_automation.py", line 119, in quiver
    campo_apolice.send_keys(dados[0])
                            ~~~~~^^^
IndexError: list index out of range
2025-02-28 17:22:36 - fatura_bot - ERROR - Erro ao processar documento Chubb: list index out of range
Traceback (most recent call last):
  File "c:\Users\ESTAGIARIO\Desktop\bots\Bot-Faturas\cadastro_fatura2.py", line 193, in <module>
    quiver(dados, documento, tipo_seguradora=TIPO_SEGURADORA['chubb'])
    ~~~~~~^^^^^^^^^^^^^^^^^^^^^^^^^^^^^^^^^^^^^^^^^^^^^^^^^^^^^^^^^^^^
  File "c:\Users\ESTAGIARIO\Desktop\bots\Bot-Faturas\src\services\web_automation.py", line 119, in quiver
    campo_apolice.send_keys(dados[0])
                            ~~~~~^^^
IndexError: list index out of range
2025-02-28 17:22:36 - fatura_bot - INFO - Processamento concluído
2025-02-28 17:22:36 - fatura_bot - INFO - Processamento concluído
2025-02-28 17:22:36 - fatura_bot - INFO - Processamento concluído
2025-02-28 17:25:48 - fatura_bot - INFO - Encontrados 1 e-mails não lidos
2025-02-28 17:25:48 - fatura_bot - INFO - Encontrados 1 e-mails não lidos
2025-02-28 17:25:48 - fatura_bot - INFO - Encontrados 1 e-mails não lidos
2025-02-28 17:25:50 - fatura_bot - INFO - Baixando anexo: https://lrvseguros.com.br:2096/cpsess6507394287/3rdparty/roundcube/?_task=mail&_action=get&_mbox=INBOX&_uid=2396&_token=jN7FsjvirsdWRPegVyzXnvAYxIqJ6WYL&_part=2
2025-02-28 17:25:50 - fatura_bot - INFO - Baixando anexo: https://lrvseguros.com.br:2096/cpsess6507394287/3rdparty/roundcube/?_task=mail&_action=get&_mbox=INBOX&_uid=2396&_token=jN7FsjvirsdWRPegVyzXnvAYxIqJ6WYL&_part=2
2025-02-28 17:25:50 - fatura_bot - INFO - Baixando anexo: https://lrvseguros.com.br:2096/cpsess6507394287/3rdparty/roundcube/?_task=mail&_action=get&_mbox=INBOX&_uid=2396&_token=jN7FsjvirsdWRPegVyzXnvAYxIqJ6WYL&_part=2
2025-02-28 17:25:55 - fatura_bot - INFO - Arquivo salvo como: resumo de embarques - jfs transportes e comercio ltda - rctr-c - janeiro - 2025.pdf
2025-02-28 17:25:55 - fatura_bot - INFO - Arquivo salvo como: resumo de embarques - jfs transportes e comercio ltda - rctr-c - janeiro - 2025.pdf
2025-02-28 17:25:55 - fatura_bot - INFO - Arquivo salvo como: resumo de embarques - jfs transportes e comercio ltda - rctr-c - janeiro - 2025.pdf
2025-02-28 17:25:55 - fatura_bot - INFO - Baixando anexo: https://lrvseguros.com.br:2096/cpsess6507394287/3rdparty/roundcube/?_task=mail&_action=get&_mbox=INBOX&_uid=2396&_token=jN7FsjvirsdWRPegVyzXnvAYxIqJ6WYL&_part=3
2025-02-28 17:25:55 - fatura_bot - INFO - Baixando anexo: https://lrvseguros.com.br:2096/cpsess6507394287/3rdparty/roundcube/?_task=mail&_action=get&_mbox=INBOX&_uid=2396&_token=jN7FsjvirsdWRPegVyzXnvAYxIqJ6WYL&_part=3
2025-02-28 17:25:55 - fatura_bot - INFO - Baixando anexo: https://lrvseguros.com.br:2096/cpsess6507394287/3rdparty/roundcube/?_task=mail&_action=get&_mbox=INBOX&_uid=2396&_token=jN7FsjvirsdWRPegVyzXnvAYxIqJ6WYL&_part=3
2025-02-28 17:25:56 - fatura_bot - INFO - Arquivo salvo como: endosso de fatura e boleto - jfs transportes e comercio ltda - rctr-c - janeiro - 2025.pdf
2025-02-28 17:25:56 - fatura_bot - INFO - Arquivo salvo como: endosso de fatura e boleto - jfs transportes e comercio ltda - rctr-c - janeiro - 2025.pdf
2025-02-28 17:25:56 - fatura_bot - INFO - Arquivo salvo como: endosso de fatura e boleto - jfs transportes e comercio ltda - rctr-c - janeiro - 2025.pdf
2025-02-28 17:25:59 - fatura_bot - INFO - E-mails arquivados com sucesso
2025-02-28 17:25:59 - fatura_bot - INFO - E-mails arquivados com sucesso
2025-02-28 17:25:59 - fatura_bot - INFO - E-mails arquivados com sucesso
2025-02-28 17:26:02 - fatura_bot - INFO - Processando documento: endosso de fatura e boleto - jfs transportes e comercio ltda - rctr-c - janeiro - 2025.pdf
2025-02-28 17:26:02 - fatura_bot - INFO - Processando documento: endosso de fatura e boleto - jfs transportes e comercio ltda - rctr-c - janeiro - 2025.pdf
2025-02-28 17:26:02 - fatura_bot - INFO - Processando documento: endosso de fatura e boleto - jfs transportes e comercio ltda - rctr-c - janeiro - 2025.pdf
2025-02-28 17:26:22 - fatura_bot - INFO - Iniciando processo de automação
2025-02-28 17:26:22 - fatura_bot - INFO - Iniciando processo de automação
2025-02-28 17:26:22 - fatura_bot - INFO - Iniciando processo de automação
2025-02-28 17:34:44 - fatura_bot - INFO - Encontrados 1 e-mails não lidos
2025-02-28 17:34:44 - fatura_bot - INFO - Encontrados 1 e-mails não lidos
2025-02-28 17:34:44 - fatura_bot - INFO - Encontrados 1 e-mails não lidos
2025-02-28 17:34:47 - fatura_bot - INFO - Baixando anexo: https://lrvseguros.com.br:2096/cpsess7502828067/3rdparty/roundcube/?_task=mail&_action=get&_mbox=INBOX&_uid=2397&_token=RNQhZ4B7towl4HI49thWKfHjcW77oAmB&_part=2
2025-02-28 17:34:47 - fatura_bot - INFO - Baixando anexo: https://lrvseguros.com.br:2096/cpsess7502828067/3rdparty/roundcube/?_task=mail&_action=get&_mbox=INBOX&_uid=2397&_token=RNQhZ4B7towl4HI49thWKfHjcW77oAmB&_part=2
2025-02-28 17:34:47 - fatura_bot - INFO - Baixando anexo: https://lrvseguros.com.br:2096/cpsess7502828067/3rdparty/roundcube/?_task=mail&_action=get&_mbox=INBOX&_uid=2397&_token=RNQhZ4B7towl4HI49thWKfHjcW77oAmB&_part=2
2025-02-28 17:34:49 - fatura_bot - INFO - Arquivo salvo como: resumo de embarques - jfs transportes e comercio ltda - rctr-c - janeiro - 2025.pdf
2025-02-28 17:34:49 - fatura_bot - INFO - Arquivo salvo como: resumo de embarques - jfs transportes e comercio ltda - rctr-c - janeiro - 2025.pdf
2025-02-28 17:34:49 - fatura_bot - INFO - Arquivo salvo como: resumo de embarques - jfs transportes e comercio ltda - rctr-c - janeiro - 2025.pdf
2025-02-28 17:34:49 - fatura_bot - INFO - Baixando anexo: https://lrvseguros.com.br:2096/cpsess7502828067/3rdparty/roundcube/?_task=mail&_action=get&_mbox=INBOX&_uid=2397&_token=RNQhZ4B7towl4HI49thWKfHjcW77oAmB&_part=3
2025-02-28 17:34:49 - fatura_bot - INFO - Baixando anexo: https://lrvseguros.com.br:2096/cpsess7502828067/3rdparty/roundcube/?_task=mail&_action=get&_mbox=INBOX&_uid=2397&_token=RNQhZ4B7towl4HI49thWKfHjcW77oAmB&_part=3
2025-02-28 17:34:49 - fatura_bot - INFO - Baixando anexo: https://lrvseguros.com.br:2096/cpsess7502828067/3rdparty/roundcube/?_task=mail&_action=get&_mbox=INBOX&_uid=2397&_token=RNQhZ4B7towl4HI49thWKfHjcW77oAmB&_part=3
2025-02-28 17:34:50 - fatura_bot - INFO - Arquivo salvo como: endosso de fatura e boleto - jfs transportes e comercio ltda - rctr-c - janeiro - 2025.pdf
2025-02-28 17:34:50 - fatura_bot - INFO - Arquivo salvo como: endosso de fatura e boleto - jfs transportes e comercio ltda - rctr-c - janeiro - 2025.pdf
2025-02-28 17:34:50 - fatura_bot - INFO - Arquivo salvo como: endosso de fatura e boleto - jfs transportes e comercio ltda - rctr-c - janeiro - 2025.pdf
2025-02-28 17:34:53 - fatura_bot - INFO - E-mails arquivados com sucesso
2025-02-28 17:34:53 - fatura_bot - INFO - E-mails arquivados com sucesso
2025-02-28 17:34:53 - fatura_bot - INFO - E-mails arquivados com sucesso
2025-02-28 17:34:55 - fatura_bot - INFO - Processando documento: endosso de fatura e boleto - jfs transportes e comercio ltda - rctr-c - janeiro - 2025.pdf
2025-02-28 17:34:55 - fatura_bot - INFO - Processando documento: endosso de fatura e boleto - jfs transportes e comercio ltda - rctr-c - janeiro - 2025.pdf
2025-02-28 17:34:55 - fatura_bot - INFO - Processando documento: endosso de fatura e boleto - jfs transportes e comercio ltda - rctr-c - janeiro - 2025.pdf
2025-02-28 17:34:55 - fatura_bot - ERROR - Erro ao processar documento Chubb: list index out of range
Traceback (most recent call last):
  File "c:\Users\ESTAGIARIO\Desktop\bots\Bot-Faturas\cadastro_fatura2.py", line 191, in <module>
    dados = chubb(texto)
  File "c:\Users\ESTAGIARIO\Desktop\bots\Bot-Faturas\src\company\chubb.py", line 15, in chubb
    apolice = texto[1].split(' ')[4]
              ~~~~~~~~~~~~~~~~~~~^^^
IndexError: list index out of range
2025-02-28 17:34:55 - fatura_bot - ERROR - Erro ao processar documento Chubb: list index out of range
Traceback (most recent call last):
  File "c:\Users\ESTAGIARIO\Desktop\bots\Bot-Faturas\cadastro_fatura2.py", line 191, in <module>
    dados = chubb(texto)
  File "c:\Users\ESTAGIARIO\Desktop\bots\Bot-Faturas\src\company\chubb.py", line 15, in chubb
    apolice = texto[1].split(' ')[4]
              ~~~~~~~~~~~~~~~~~~~^^^
IndexError: list index out of range
2025-02-28 17:34:55 - fatura_bot - ERROR - Erro ao processar documento Chubb: list index out of range
Traceback (most recent call last):
  File "c:\Users\ESTAGIARIO\Desktop\bots\Bot-Faturas\cadastro_fatura2.py", line 191, in <module>
    dados = chubb(texto)
  File "c:\Users\ESTAGIARIO\Desktop\bots\Bot-Faturas\src\company\chubb.py", line 15, in chubb
    apolice = texto[1].split(' ')[4]
              ~~~~~~~~~~~~~~~~~~~^^^
IndexError: list index out of range
2025-02-28 17:34:55 - fatura_bot - INFO - Processamento concluído
2025-02-28 17:34:55 - fatura_bot - INFO - Processamento concluído
2025-02-28 17:34:55 - fatura_bot - INFO - Processamento concluído
2025-02-28 17:39:42 - fatura_bot - INFO - Encontrados 1 e-mails não lidos
2025-02-28 17:39:42 - fatura_bot - INFO - Encontrados 1 e-mails não lidos
2025-02-28 17:39:42 - fatura_bot - INFO - Encontrados 1 e-mails não lidos
2025-02-28 17:39:45 - fatura_bot - INFO - Baixando anexo: https://lrvseguros.com.br:2096/cpsess4723122742/3rdparty/roundcube/?_task=mail&_action=get&_mbox=INBOX&_uid=2397&_token=73c78CwWPA7C7iPldhsgRa2DqmlYAuaC&_part=2
2025-02-28 17:39:45 - fatura_bot - INFO - Baixando anexo: https://lrvseguros.com.br:2096/cpsess4723122742/3rdparty/roundcube/?_task=mail&_action=get&_mbox=INBOX&_uid=2397&_token=73c78CwWPA7C7iPldhsgRa2DqmlYAuaC&_part=2
2025-02-28 17:39:45 - fatura_bot - INFO - Baixando anexo: https://lrvseguros.com.br:2096/cpsess4723122742/3rdparty/roundcube/?_task=mail&_action=get&_mbox=INBOX&_uid=2397&_token=73c78CwWPA7C7iPldhsgRa2DqmlYAuaC&_part=2
2025-02-28 17:39:47 - fatura_bot - INFO - Arquivo salvo como: resumo de embarques - jfs transportes e comercio ltda - rctr-c - janeiro - 2025.pdf
2025-02-28 17:39:47 - fatura_bot - INFO - Arquivo salvo como: resumo de embarques - jfs transportes e comercio ltda - rctr-c - janeiro - 2025.pdf
2025-02-28 17:39:47 - fatura_bot - INFO - Arquivo salvo como: resumo de embarques - jfs transportes e comercio ltda - rctr-c - janeiro - 2025.pdf
2025-02-28 17:39:47 - fatura_bot - INFO - Baixando anexo: https://lrvseguros.com.br:2096/cpsess4723122742/3rdparty/roundcube/?_task=mail&_action=get&_mbox=INBOX&_uid=2397&_token=73c78CwWPA7C7iPldhsgRa2DqmlYAuaC&_part=3
2025-02-28 17:39:47 - fatura_bot - INFO - Baixando anexo: https://lrvseguros.com.br:2096/cpsess4723122742/3rdparty/roundcube/?_task=mail&_action=get&_mbox=INBOX&_uid=2397&_token=73c78CwWPA7C7iPldhsgRa2DqmlYAuaC&_part=3
2025-02-28 17:39:47 - fatura_bot - INFO - Baixando anexo: https://lrvseguros.com.br:2096/cpsess4723122742/3rdparty/roundcube/?_task=mail&_action=get&_mbox=INBOX&_uid=2397&_token=73c78CwWPA7C7iPldhsgRa2DqmlYAuaC&_part=3
2025-02-28 17:39:48 - fatura_bot - INFO - Arquivo salvo como: endosso de fatura e boleto - jfs transportes e comercio ltda - rctr-c - janeiro - 2025.pdf
2025-02-28 17:39:48 - fatura_bot - INFO - Arquivo salvo como: endosso de fatura e boleto - jfs transportes e comercio ltda - rctr-c - janeiro - 2025.pdf
2025-02-28 17:39:48 - fatura_bot - INFO - Arquivo salvo como: endosso de fatura e boleto - jfs transportes e comercio ltda - rctr-c - janeiro - 2025.pdf
2025-02-28 17:39:51 - fatura_bot - INFO - E-mails arquivados com sucesso
2025-02-28 17:39:51 - fatura_bot - INFO - E-mails arquivados com sucesso
2025-02-28 17:39:51 - fatura_bot - INFO - E-mails arquivados com sucesso
2025-02-28 17:39:54 - fatura_bot - INFO - Processando documento: endosso de fatura e boleto - jfs transportes e comercio ltda - rctr-c - janeiro - 2025.pdf
2025-02-28 17:39:54 - fatura_bot - INFO - Processando documento: endosso de fatura e boleto - jfs transportes e comercio ltda - rctr-c - janeiro - 2025.pdf
2025-02-28 17:39:54 - fatura_bot - INFO - Processando documento: endosso de fatura e boleto - jfs transportes e comercio ltda - rctr-c - janeiro - 2025.pdf
2025-02-28 17:39:54 - fatura_bot - ERROR - Erro ao processar documento Chubb: cannot access local variable 'apolice' where it is not associated with a value
Traceback (most recent call last):
  File "c:\Users\ESTAGIARIO\Desktop\bots\Bot-Faturas\cadastro_fatura2.py", line 191, in <module>
    dados = chubb(texto)
  File "c:\Users\ESTAGIARIO\Desktop\bots\Bot-Faturas\src\company\chubb.py", line 21, in chubb
    dados.append(apolice)
                 ^^^^^^^
UnboundLocalError: cannot access local variable 'apolice' where it is not associated with a value
2025-02-28 17:39:54 - fatura_bot - ERROR - Erro ao processar documento Chubb: cannot access local variable 'apolice' where it is not associated with a value
Traceback (most recent call last):
  File "c:\Users\ESTAGIARIO\Desktop\bots\Bot-Faturas\cadastro_fatura2.py", line 191, in <module>
    dados = chubb(texto)
  File "c:\Users\ESTAGIARIO\Desktop\bots\Bot-Faturas\src\company\chubb.py", line 21, in chubb
    dados.append(apolice)
                 ^^^^^^^
UnboundLocalError: cannot access local variable 'apolice' where it is not associated with a value
2025-02-28 17:39:54 - fatura_bot - ERROR - Erro ao processar documento Chubb: cannot access local variable 'apolice' where it is not associated with a value
Traceback (most recent call last):
  File "c:\Users\ESTAGIARIO\Desktop\bots\Bot-Faturas\cadastro_fatura2.py", line 191, in <module>
    dados = chubb(texto)
  File "c:\Users\ESTAGIARIO\Desktop\bots\Bot-Faturas\src\company\chubb.py", line 21, in chubb
    dados.append(apolice)
                 ^^^^^^^
UnboundLocalError: cannot access local variable 'apolice' where it is not associated with a value
2025-02-28 17:39:54 - fatura_bot - INFO - Processamento concluído
2025-02-28 17:39:54 - fatura_bot - INFO - Processamento concluído
2025-02-28 17:39:54 - fatura_bot - INFO - Processamento concluído
2025-02-28 17:42:43 - fatura_bot - INFO - Encontrados 1 e-mails não lidos
2025-02-28 17:42:43 - fatura_bot - INFO - Encontrados 1 e-mails não lidos
2025-02-28 17:42:43 - fatura_bot - INFO - Encontrados 1 e-mails não lidos
2025-02-28 17:42:46 - fatura_bot - INFO - Baixando anexo: https://lrvseguros.com.br:2096/cpsess7825003839/3rdparty/roundcube/?_task=mail&_action=get&_mbox=INBOX&_uid=2398&_token=4a0R8AfdZhVk1XwH0Z3Ud43bM3LVKfPF&_part=2
2025-02-28 17:42:46 - fatura_bot - INFO - Baixando anexo: https://lrvseguros.com.br:2096/cpsess7825003839/3rdparty/roundcube/?_task=mail&_action=get&_mbox=INBOX&_uid=2398&_token=4a0R8AfdZhVk1XwH0Z3Ud43bM3LVKfPF&_part=2
2025-02-28 17:42:46 - fatura_bot - INFO - Baixando anexo: https://lrvseguros.com.br:2096/cpsess7825003839/3rdparty/roundcube/?_task=mail&_action=get&_mbox=INBOX&_uid=2398&_token=4a0R8AfdZhVk1XwH0Z3Ud43bM3LVKfPF&_part=2
2025-02-28 17:42:47 - fatura_bot - INFO - Arquivo salvo como: resumo de embarques - jfs transportes e comercio ltda - rctr-c - janeiro - 2025.pdf
2025-02-28 17:42:47 - fatura_bot - INFO - Arquivo salvo como: resumo de embarques - jfs transportes e comercio ltda - rctr-c - janeiro - 2025.pdf
2025-02-28 17:42:47 - fatura_bot - INFO - Arquivo salvo como: resumo de embarques - jfs transportes e comercio ltda - rctr-c - janeiro - 2025.pdf
2025-02-28 17:42:47 - fatura_bot - INFO - Baixando anexo: https://lrvseguros.com.br:2096/cpsess7825003839/3rdparty/roundcube/?_task=mail&_action=get&_mbox=INBOX&_uid=2398&_token=4a0R8AfdZhVk1XwH0Z3Ud43bM3LVKfPF&_part=3
2025-02-28 17:42:47 - fatura_bot - INFO - Baixando anexo: https://lrvseguros.com.br:2096/cpsess7825003839/3rdparty/roundcube/?_task=mail&_action=get&_mbox=INBOX&_uid=2398&_token=4a0R8AfdZhVk1XwH0Z3Ud43bM3LVKfPF&_part=3
2025-02-28 17:42:47 - fatura_bot - INFO - Baixando anexo: https://lrvseguros.com.br:2096/cpsess7825003839/3rdparty/roundcube/?_task=mail&_action=get&_mbox=INBOX&_uid=2398&_token=4a0R8AfdZhVk1XwH0Z3Ud43bM3LVKfPF&_part=3
2025-02-28 17:42:49 - fatura_bot - INFO - Arquivo salvo como: endosso de fatura e boleto - jfs transportes e comercio ltda - rctr-c - janeiro - 2025.pdf
2025-02-28 17:42:49 - fatura_bot - INFO - Arquivo salvo como: endosso de fatura e boleto - jfs transportes e comercio ltda - rctr-c - janeiro - 2025.pdf
2025-02-28 17:42:49 - fatura_bot - INFO - Arquivo salvo como: endosso de fatura e boleto - jfs transportes e comercio ltda - rctr-c - janeiro - 2025.pdf
2025-02-28 17:42:52 - fatura_bot - INFO - E-mails arquivados com sucesso
2025-02-28 17:42:52 - fatura_bot - INFO - E-mails arquivados com sucesso
2025-02-28 17:42:52 - fatura_bot - INFO - E-mails arquivados com sucesso
2025-02-28 17:42:55 - fatura_bot - INFO - Processando documento: endosso de fatura e boleto - jfs transportes e comercio ltda - rctr-c - janeiro - 2025.pdf
2025-02-28 17:42:55 - fatura_bot - INFO - Processando documento: endosso de fatura e boleto - jfs transportes e comercio ltda - rctr-c - janeiro - 2025.pdf
2025-02-28 17:42:55 - fatura_bot - INFO - Processando documento: endosso de fatura e boleto - jfs transportes e comercio ltda - rctr-c - janeiro - 2025.pdf
2025-02-28 17:43:15 - fatura_bot - INFO - Iniciando processo de automação
2025-02-28 17:43:15 - fatura_bot - INFO - Iniciando processo de automação
2025-02-28 17:43:15 - fatura_bot - INFO - Iniciando processo de automação
2025-02-28 17:43:51 - fatura_bot - ERROR - Erro ao processar documento Chubb: 'NoneType' object is not iterable
Traceback (most recent call last):
  File "c:\Users\ESTAGIARIO\Desktop\bots\Bot-Faturas\cadastro_fatura2.py", line 192, in <module>
    quiver(dados, documento, tipo_seguradora=TIPO_SEGURADORA['chubb'])
    ~~~~~~^^^^^^^^^^^^^^^^^^^^^^^^^^^^^^^^^^^^^^^^^^^^^^^^^^^^^^^^^^^^
  File "c:\Users\ESTAGIARIO\Desktop\bots\Bot-Faturas\src\services\web_automation.py", line 119, in quiver
    campo_apolice.send_keys(dados[0])
    ~~~~~~~~~~~~~~~~~~~~~~~^^^^^^^^^^
  File "C:\Users\ESTAGIARIO\AppData\Roaming\Python\Python313\site-packages\selenium\webdriver\remote\webelement.py", line 302, in send_keys
    Command.SEND_KEYS_TO_ELEMENT, {"text": "".join(keys_to_typing(value)), "value": keys_to_typing(value)}
                                                   ~~~~~~~~~~~~~~^^^^^^^
  File "C:\Users\ESTAGIARIO\AppData\Roaming\Python\Python313\site-packages\selenium\webdriver\common\utils.py", line 137, in keys_to_typing
    characters.extend(val)
    ~~~~~~~~~~~~~~~~~^^^^^
TypeError: 'NoneType' object is not iterable
2025-02-28 17:43:51 - fatura_bot - ERROR - Erro ao processar documento Chubb: 'NoneType' object is not iterable
Traceback (most recent call last):
  File "c:\Users\ESTAGIARIO\Desktop\bots\Bot-Faturas\cadastro_fatura2.py", line 192, in <module>
    quiver(dados, documento, tipo_seguradora=TIPO_SEGURADORA['chubb'])
    ~~~~~~^^^^^^^^^^^^^^^^^^^^^^^^^^^^^^^^^^^^^^^^^^^^^^^^^^^^^^^^^^^^
  File "c:\Users\ESTAGIARIO\Desktop\bots\Bot-Faturas\src\services\web_automation.py", line 119, in quiver
    campo_apolice.send_keys(dados[0])
    ~~~~~~~~~~~~~~~~~~~~~~~^^^^^^^^^^
  File "C:\Users\ESTAGIARIO\AppData\Roaming\Python\Python313\site-packages\selenium\webdriver\remote\webelement.py", line 302, in send_keys
    Command.SEND_KEYS_TO_ELEMENT, {"text": "".join(keys_to_typing(value)), "value": keys_to_typing(value)}
                                                   ~~~~~~~~~~~~~~^^^^^^^
  File "C:\Users\ESTAGIARIO\AppData\Roaming\Python\Python313\site-packages\selenium\webdriver\common\utils.py", line 137, in keys_to_typing
    characters.extend(val)
    ~~~~~~~~~~~~~~~~~^^^^^
TypeError: 'NoneType' object is not iterable
2025-02-28 17:43:51 - fatura_bot - ERROR - Erro ao processar documento Chubb: 'NoneType' object is not iterable
Traceback (most recent call last):
  File "c:\Users\ESTAGIARIO\Desktop\bots\Bot-Faturas\cadastro_fatura2.py", line 192, in <module>
    quiver(dados, documento, tipo_seguradora=TIPO_SEGURADORA['chubb'])
    ~~~~~~^^^^^^^^^^^^^^^^^^^^^^^^^^^^^^^^^^^^^^^^^^^^^^^^^^^^^^^^^^^^
  File "c:\Users\ESTAGIARIO\Desktop\bots\Bot-Faturas\src\services\web_automation.py", line 119, in quiver
    campo_apolice.send_keys(dados[0])
    ~~~~~~~~~~~~~~~~~~~~~~~^^^^^^^^^^
  File "C:\Users\ESTAGIARIO\AppData\Roaming\Python\Python313\site-packages\selenium\webdriver\remote\webelement.py", line 302, in send_keys
    Command.SEND_KEYS_TO_ELEMENT, {"text": "".join(keys_to_typing(value)), "value": keys_to_typing(value)}
                                                   ~~~~~~~~~~~~~~^^^^^^^
  File "C:\Users\ESTAGIARIO\AppData\Roaming\Python\Python313\site-packages\selenium\webdriver\common\utils.py", line 137, in keys_to_typing
    characters.extend(val)
    ~~~~~~~~~~~~~~~~~^^^^^
TypeError: 'NoneType' object is not iterable
2025-02-28 17:43:51 - fatura_bot - INFO - Processamento concluído
2025-02-28 17:43:51 - fatura_bot - INFO - Processamento concluído
2025-02-28 17:43:51 - fatura_bot - INFO - Processamento concluído
2025-02-28 17:45:37 - fatura_bot - INFO - Encontrados 1 e-mails não lidos
2025-02-28 17:45:37 - fatura_bot - INFO - Encontrados 1 e-mails não lidos
2025-02-28 17:45:37 - fatura_bot - INFO - Encontrados 1 e-mails não lidos
2025-02-28 17:45:38 - fatura_bot - INFO - Baixando anexo: https://lrvseguros.com.br:2096/cpsess3016671160/3rdparty/roundcube/?_task=mail&_action=get&_mbox=INBOX&_uid=2399&_token=7mzmIdkqVOYdjORIKCtxURR1PNE1Au1W&_part=2
2025-02-28 17:45:38 - fatura_bot - INFO - Baixando anexo: https://lrvseguros.com.br:2096/cpsess3016671160/3rdparty/roundcube/?_task=mail&_action=get&_mbox=INBOX&_uid=2399&_token=7mzmIdkqVOYdjORIKCtxURR1PNE1Au1W&_part=2
2025-02-28 17:45:38 - fatura_bot - INFO - Baixando anexo: https://lrvseguros.com.br:2096/cpsess3016671160/3rdparty/roundcube/?_task=mail&_action=get&_mbox=INBOX&_uid=2399&_token=7mzmIdkqVOYdjORIKCtxURR1PNE1Au1W&_part=2
2025-02-28 17:45:40 - fatura_bot - INFO - Arquivo salvo como: resumo de embarques - jfs transportes e comercio ltda - rctr-c - janeiro - 2025.pdf
2025-02-28 17:45:40 - fatura_bot - INFO - Arquivo salvo como: resumo de embarques - jfs transportes e comercio ltda - rctr-c - janeiro - 2025.pdf
2025-02-28 17:45:40 - fatura_bot - INFO - Arquivo salvo como: resumo de embarques - jfs transportes e comercio ltda - rctr-c - janeiro - 2025.pdf
2025-02-28 17:45:40 - fatura_bot - INFO - Baixando anexo: https://lrvseguros.com.br:2096/cpsess3016671160/3rdparty/roundcube/?_task=mail&_action=get&_mbox=INBOX&_uid=2399&_token=7mzmIdkqVOYdjORIKCtxURR1PNE1Au1W&_part=3
2025-02-28 17:45:40 - fatura_bot - INFO - Baixando anexo: https://lrvseguros.com.br:2096/cpsess3016671160/3rdparty/roundcube/?_task=mail&_action=get&_mbox=INBOX&_uid=2399&_token=7mzmIdkqVOYdjORIKCtxURR1PNE1Au1W&_part=3
2025-02-28 17:45:40 - fatura_bot - INFO - Baixando anexo: https://lrvseguros.com.br:2096/cpsess3016671160/3rdparty/roundcube/?_task=mail&_action=get&_mbox=INBOX&_uid=2399&_token=7mzmIdkqVOYdjORIKCtxURR1PNE1Au1W&_part=3
2025-02-28 17:45:41 - fatura_bot - INFO - Arquivo salvo como: endosso de fatura e boleto - jfs transportes e comercio ltda - rctr-c - janeiro - 2025.pdf
2025-02-28 17:45:41 - fatura_bot - INFO - Arquivo salvo como: endosso de fatura e boleto - jfs transportes e comercio ltda - rctr-c - janeiro - 2025.pdf
2025-02-28 17:45:41 - fatura_bot - INFO - Arquivo salvo como: endosso de fatura e boleto - jfs transportes e comercio ltda - rctr-c - janeiro - 2025.pdf
2025-02-28 17:45:44 - fatura_bot - INFO - E-mails arquivados com sucesso
2025-02-28 17:45:44 - fatura_bot - INFO - E-mails arquivados com sucesso
2025-02-28 17:45:44 - fatura_bot - INFO - E-mails arquivados com sucesso
2025-02-28 17:45:46 - fatura_bot - INFO - Processando documento: endosso de fatura e boleto - jfs transportes e comercio ltda - rctr-c - janeiro - 2025.pdf
2025-02-28 17:45:46 - fatura_bot - INFO - Processando documento: endosso de fatura e boleto - jfs transportes e comercio ltda - rctr-c - janeiro - 2025.pdf
2025-02-28 17:45:46 - fatura_bot - INFO - Processando documento: endosso de fatura e boleto - jfs transportes e comercio ltda - rctr-c - janeiro - 2025.pdf
2025-02-28 17:46:10 - fatura_bot - INFO - Iniciando processo de automação
2025-02-28 17:46:10 - fatura_bot - INFO - Iniciando processo de automação
2025-02-28 17:46:10 - fatura_bot - INFO - Iniciando processo de automação
2025-02-28 17:54:03 - fatura_bot - INFO - Encontrados 1 e-mails não lidos
2025-02-28 17:54:03 - fatura_bot - INFO - Encontrados 1 e-mails não lidos
2025-02-28 17:54:03 - fatura_bot - INFO - Encontrados 1 e-mails não lidos
2025-02-28 17:54:06 - fatura_bot - INFO - Baixando anexo: https://lrvseguros.com.br:2096/cpsess7093073502/3rdparty/roundcube/?_task=mail&_action=get&_mbox=INBOX&_uid=2400&_token=EKkKpJsYLiISyx8pwxjutqrtuW01YZIU&_part=2
2025-02-28 17:54:06 - fatura_bot - INFO - Baixando anexo: https://lrvseguros.com.br:2096/cpsess7093073502/3rdparty/roundcube/?_task=mail&_action=get&_mbox=INBOX&_uid=2400&_token=EKkKpJsYLiISyx8pwxjutqrtuW01YZIU&_part=2
2025-02-28 17:54:06 - fatura_bot - INFO - Baixando anexo: https://lrvseguros.com.br:2096/cpsess7093073502/3rdparty/roundcube/?_task=mail&_action=get&_mbox=INBOX&_uid=2400&_token=EKkKpJsYLiISyx8pwxjutqrtuW01YZIU&_part=2
2025-02-28 17:54:07 - fatura_bot - INFO - Arquivo salvo como: resumo de embarques - jfs transportes e comercio ltda - rctr-c - janeiro - 2025.pdf
2025-02-28 17:54:07 - fatura_bot - INFO - Arquivo salvo como: resumo de embarques - jfs transportes e comercio ltda - rctr-c - janeiro - 2025.pdf
2025-02-28 17:54:07 - fatura_bot - INFO - Arquivo salvo como: resumo de embarques - jfs transportes e comercio ltda - rctr-c - janeiro - 2025.pdf
2025-02-28 17:54:07 - fatura_bot - INFO - Baixando anexo: https://lrvseguros.com.br:2096/cpsess7093073502/3rdparty/roundcube/?_task=mail&_action=get&_mbox=INBOX&_uid=2400&_token=EKkKpJsYLiISyx8pwxjutqrtuW01YZIU&_part=3
2025-02-28 17:54:07 - fatura_bot - INFO - Baixando anexo: https://lrvseguros.com.br:2096/cpsess7093073502/3rdparty/roundcube/?_task=mail&_action=get&_mbox=INBOX&_uid=2400&_token=EKkKpJsYLiISyx8pwxjutqrtuW01YZIU&_part=3
2025-02-28 17:54:07 - fatura_bot - INFO - Baixando anexo: https://lrvseguros.com.br:2096/cpsess7093073502/3rdparty/roundcube/?_task=mail&_action=get&_mbox=INBOX&_uid=2400&_token=EKkKpJsYLiISyx8pwxjutqrtuW01YZIU&_part=3
2025-02-28 17:54:09 - fatura_bot - INFO - Arquivo salvo como: endosso de fatura e boleto - jfs transportes e comercio ltda - rctr-c - janeiro - 2025.pdf
2025-02-28 17:54:09 - fatura_bot - INFO - Arquivo salvo como: endosso de fatura e boleto - jfs transportes e comercio ltda - rctr-c - janeiro - 2025.pdf
2025-02-28 17:54:09 - fatura_bot - INFO - Arquivo salvo como: endosso de fatura e boleto - jfs transportes e comercio ltda - rctr-c - janeiro - 2025.pdf
2025-02-28 17:54:12 - fatura_bot - INFO - E-mails arquivados com sucesso
2025-02-28 17:54:12 - fatura_bot - INFO - E-mails arquivados com sucesso
2025-02-28 17:54:12 - fatura_bot - INFO - E-mails arquivados com sucesso
2025-02-28 17:54:14 - fatura_bot - INFO - Processando documento: endosso de fatura e boleto - jfs transportes e comercio ltda - rctr-c - janeiro - 2025.pdf
2025-02-28 17:54:14 - fatura_bot - INFO - Processando documento: endosso de fatura e boleto - jfs transportes e comercio ltda - rctr-c - janeiro - 2025.pdf
2025-02-28 17:54:14 - fatura_bot - INFO - Processando documento: endosso de fatura e boleto - jfs transportes e comercio ltda - rctr-c - janeiro - 2025.pdf
2025-02-28 17:54:31 - fatura_bot - INFO - Iniciando processo de automação
2025-02-28 17:54:31 - fatura_bot - INFO - Iniciando processo de automação
2025-02-28 17:54:31 - fatura_bot - INFO - Iniciando processo de automação
